["'y'", "'x'", "'z'"]
Grammar with 9 productions (start state = S)
    S -> S '+' R [0.4]
    S -> R [0.6]
    R -> T [1.0]
    R -> 'C' '*' F '(' T ')' [0]
    T -> T '*' V [0.4]
    T -> 'C' [0.6]
    V -> 'y' [0.33]
    V -> 'x' [0.33]
    V -> 'z' [0.34]
10 =samples cardinality
[C0*z**3 + C1, C0*x, C0*z, C0*x*y**2*z, C0*y*z + C1, C0*y + C1, C0*x + C1, C0*x*y, C0*z + C1]
Estimating model C0*z**3 + C1
Estimating model C0*x
Estimating model C0*z
Estimating model C0*x*y**2*z
Estimating model C0*y*z + C1
Estimating model C0*y + C1
Estimating model C0*x + C1
Estimating model C0*x*y
Estimating model C0*z + C1
ModelBox: 9 models
-> C0*z**3 + C1, p = 0.0002173353984000001, parse trees = 1, valid = True, error = 0.00013976759901956833
-> C0*x, p = 0.04752, parse trees = 1, valid = True, error = 0.025164430092113322
-> C0*z, p = 0.048960000000000004, parse trees = 1, valid = True, error = 0.0005853756802893886
-> C0*x*y**2*z, p = 0.00011260643328000003, parse trees = 1, valid = True, error = 0.15351061967395868
-> C0*y*z + C1, p = 8.934064128e-05, parse trees = 1, valid = True, error = 0.0001175872293839462
-> C0*y + C1, p = 0.00015765995520000003, parse trees = 1, valid = True, error = 5.9136329709647663e-05
-> C0*x + C1, p = 0.011404800000000001, parse trees = 1, valid = True, error = 0.0003139859445425188
-> C0*x*y, p = 0.006272640000000001, parse trees = 1, valid = True, error = 0.10226340810217253
-> C0*z + C1, p = 0.011750400000000001, parse trees = 1, valid = True, error = 7.441424888537049e-05

Final score:
model: -8.04618992807379*z**3 - 1.53397331282945                             ; error: 0.00013976759901956833
model: -5.718449859092*z                                                     ; error: 0.0005853756802893886
model: -3.98201000984526*y*z - 1.66856199651891                              ; error: 0.0001175872293839462
model: -1.55791730076309*y - 1.69983666891657                                ; error: 5.9136329709647663e-05
model: -10.0*x - 0.737746146569618                                           ; error: 0.0003139859445425188
model: -2.80959452652164*z - 0.96620749418528                                ; error: 7.441424888537049e-05
[2] [1, 3]
