["'x'", "'y'", "'z'"]
Grammar with 9 productions (start state = S)
    S -> S '+' R [0.4]
    S -> R [0.6]
    R -> T [1.0]
    R -> 'C' '*' F '(' T ')' [0]
    T -> T '*' V [0.4]
    T -> 'C' [0.6]
    V -> 'x' [0.33]
    V -> 'y' [0.33]
    V -> 'z' [0.34]
8 =samples cardinality
Estimating model C0*z**3 + C1
Estimating model C0*y
Estimating model C0*z
Estimating model C0*x**2*y*z
Excepted an error: The map-like callable must be of the form f(func, iterable), returning a sequence of numbers the same length as 'iterable'!! 
Model: C0*x**2*y*z
Estimating model C0*x*z + C1
Estimating model C0*x + C1
Estimating model C0*y + C1
Estimating model C0*x*y
ModelBox: 8 models
-> C0*z**3 + C1, p = 0.0002173353984000001, parse trees = 1, valid = True, error = 1.321131895974688
-> C0*y, p = 0.04752, parse trees = 1, valid = True, error = 0.0018941729924024534
-> C0*z, p = 0.048960000000000004, parse trees = 1, valid = True, error = 4.248228244228097
-> C0*x**2*y*z, p = 0.00011260643328000003, parse trees = 1, valid = False
-> C0*x*z + C1, p = 8.934064128e-05, parse trees = 1, valid = True, error = 0.46131563972488726
-> C0*x + C1, p = 0.00015765995520000003, parse trees = 1, valid = True, error = 0.020963880663196304
-> C0*y + C1, p = 0.011404800000000001, parse trees = 1, valid = True, error = 0.00014480268796545733
-> C0*x*y, p = 0.006272640000000001, parse trees = 1, valid = True, error = 4.873767962316756

Final score:
model: 0.650705950438751*z**3 + 10.0                                         ; p: 0.0002173353984000001; error: 1.321131895974688
model: 5.35973321286062*y                                                    ; p: 0.04752; error: 0.0018941729924024534
model: 10.0*z                                                                ; p: 0.048960000000000004; error: 4.248228244228097
model: -3.38690482115004*x**2*y*z                                            ; p: 0.00011260643328000003; error: 100000000
model: 2.69470475366519*x*z + 9.70787331466244                               ; p: 8.934064128e-05; error: 0.46131563972488726
model: 10.0*x + 1.65163307513372                                             ; p: 0.00015765995520000003; error: 0.020963880663196304
model: 5.23380545414524*y + 0.45848671629998                                 ; p: 0.011404800000000001; error: 0.00014480268796545733
model: 2.53784912367946*x*y                                                  ; p: 0.006272640000000001; error: 4.873767962316756
[1] [2, 3]
