["'x'", "'y'", "'z'"]
Grammar with 9 productions (start state = S)
    S -> S '+' R [0.4]
    S -> R [0.6]
    R -> T [1.0]
    R -> 'C' '*' F '(' T ')' [0]
    T -> T '*' V [0.4]
    T -> 'C' [0.6]
    V -> 'x' [0.33]
    V -> 'y' [0.33]
    V -> 'z' [0.34]
5 =samples cardinality
Estimating model C0*z**3 + C1
Estimating model C0*y
Estimating model C0*z
Estimating model C0*x**2*y*z
Estimating model C0*x*z + C1
ModelBox: 5 models
-> C0*z**3 + C1, p = 0.0002173353984000001, parse trees = 1, valid = True, error = 8.175038219279816e-06
-> C0*y, p = 0.04752, parse trees = 1, valid = True, error = 0.00021743863597455836
-> C0*z, p = 0.048960000000000004, parse trees = 1, valid = True, error = 0.0003132278648626651
-> C0*x**2*y*z, p = 0.00011260643328000003, parse trees = 1, valid = True, error = 0.00030962172931066123
-> C0*x*z + C1, p = 8.934064128e-05, parse trees = 1, valid = True, error = 9.55886697834241e-05

Final score:
model: 7.15752558086958*z**3 - 0.304383315129227                             ; error: 8.175038219279816e-06
model: 0.360056109175046*y                                                   ; error: 0.00021743863597455836
model: 0.0614214282169567*z                                                  ; error: 0.0003132278648626651
model: 9.76428031976622*x**2*y*z                                             ; error: 0.00030962172931066123
model: 10.0*x*z - 0.344038216691824                                          ; error: 9.55886697834241e-05
