["'x'", "'y'", "'z'"]
Grammar with 9 productions (start state = S)
    S -> S '+' R [0.4]
    S -> R [0.6]
    R -> T [1.0]
    R -> 'C' '*' F '(' T ')' [0]
    T -> T '*' V [0.4]
    T -> 'C' [0.6]
    V -> 'x' [0.33]
    V -> 'y' [0.33]
    V -> 'z' [0.34]
50 =samples cardinality
Estimating model C0*z**3 + C1
Estimating model C0*y
Estimating model C0*z
Estimating model C0*x**2*y*z
Estimating model C0*x*z + C1
Estimating model C0*x + C1
Estimating model C0*y + C1
Estimating model C0*x*y
Estimating model C0*z + C1
Estimating model C0*x
Estimating model C0*y + C1*z + C2
Estimating model C0*x*z + C1*x + C2*y**2*z + C3
