["'x'", "'y'", "'z'"]
Grammar with 9 productions (start state = S)
    S -> S '+' R [0.4]
    S -> R [0.6]
    R -> T [1.0]
    R -> 'C' '*' F '(' T ')' [0]
    T -> T '*' V [0.4]
    T -> 'C' [0.6]
    V -> 'x' [0.33]
    V -> 'y' [0.33]
    V -> 'z' [0.34]
5 =samples cardinality
Estimating model C0*y
Estimating model C0*z**2
Estimating model C0*x*y*z
Estimating model C0*x**2 + C1
Excepted an error: The map-like callable must be of the form f(func, iterable), returning a sequence of numbers the same length as 'iterable'!! 
Model: C0*x**2 + C1
Estimating model C0*x**3*y**2*z
Excepted an error: The map-like callable must be of the form f(func, iterable), returning a sequence of numbers the same length as 'iterable'!! 
Model: C0*x**3*y**2*z
ModelBox: 5 models
-> C0*y, p = 0.04752, parse trees = 1, valid = True, error = 0.0018941729925437928
-> C0*z**2, p = 0.006658560000000002, parse trees = 1, valid = True, error = 3.890754573182174
-> C0*x*y*z, p = 0.0008530790400000001, parse trees = 1, valid = True, error = 9.545602282212487
-> C0*x**2 + C1, p = 0.0015054336000000005, parse trees = 1, valid = False
-> C0*x**3*y**2*z, p = 1.962054493470721e-06, parse trees = 1, valid = False

Final score:
model: 5.35973512467479*y                                                    ; p: 0.04752; error: 0.0018941729925437928
model: 6.7373458167263*z**2                                                  ; p: 0.006658560000000002; error: 3.890754573182174
model: 0.709508304934964*x*y*z                                               ; p: 0.0008530790400000001; error: 9.545602282212487
model: 3.20993229847935 - 1.31274829339036*x**2                              ; p: 0.0015054336000000005; error: 100000000
model: 0.759464955561793*x**3*y**2*z                                         ; p: 1.962054493470721e-06; error: 100000000
[1] [2, 3]
