["'x'", "'y'", "'z'"]
Grammar with 9 productions (start state = S)
    S -> S '+' R [0.4]
    S -> R [0.6]
    R -> T [1.0]
    R -> 'C' '*' F '(' T ')' [0]
    T -> T '*' V [0.4]
    T -> 'C' [0.6]
    V -> 'x' [0.33]
    V -> 'y' [0.33]
    V -> 'z' [0.34]
20 =samples cardinality
ModelBox: 17 models
-> C0*z**3 + C1, p = 0.0002173353984000001, parse trees = 1, valid = False
-> C0*y, p = 0.04752, parse trees = 1, valid = False
-> C0*z, p = 0.048960000000000004, parse trees = 1, valid = False
-> C0*x**2*y*z, p = 0.00011260643328000003, parse trees = 1, valid = False
-> C0*x*z + C1, p = 8.934064128e-05, parse trees = 1, valid = False
-> C0*x + C1, p = 0.011562459955200001, parse trees = 2, valid = False
-> C0*y + C1, p = 0.014141952000000003, parse trees = 2, valid = False
-> C0*x*y, p = 0.006272640000000001, parse trees = 1, valid = False
-> C0*z + C1, p = 0.011750400000000001, parse trees = 1, valid = False
-> C0*x, p = 0.04752, parse trees = 1, valid = False
-> C0*y + C1*z + C2, p = 8.934064128000002e-05, parse trees = 1, valid = False
-> C0*x*z + C1*x + C2*y**2*z + C3, p = 2.794536378191317e-08, parse trees = 1, valid = False
-> C0*x + C1*z, p = 0.0015510528000000003, parse trees = 1, valid = False
-> C0*x*z**2, p = 0.0008789299200000002, parse trees = 1, valid = False
-> C0*x + C1*y**3, p = 2.6230675046400015e-05, parse trees = 1, valid = False
-> C0*x*y + C1*x*z + C2, p = 6.486130556928003e-06, parse trees = 1, valid = False
-> C0*x*z + C1*x + C2, p = 1.1792964648960004e-05, parse trees = 1, valid = False

Final score:
model: 2.99158564216724*z**3 - 0.385206377470682                             ;p: 0.0002173353984000001error: 100000000
model: 1.16933996874757*y                                                    ;p: 0.04752error: 100000000
model: -4.3977452837073*z                                                    ;p: 0.048960000000000004error: 100000000
model: -3.38690482115004*x**2*y*z                                            ;p: 0.00011260643328000003error: 100000000
model: -4.60812207745679*x*z - 2.1719303742359                               ;p: 8.934064128e-05error: 100000000
model: -2.10593907052799*x - 3.16808637992883                                ;p: 0.011562459955200001error: 100000000
model: 0.722519057908734*y - 2.76918367359382                                ;p: 0.014141952000000003error: 100000000
model: -0.712312990542339*x*y                                                ;p: 0.006272640000000001error: 100000000
model: 4.98847006567867*z - 3.50551695342006                                 ;p: 0.011750400000000001error: 100000000
model: 0.210366062041293*x                                                   ;p: 0.04752error: 100000000
model: 0.89909976354571*y + 2.3012202951677*z - 1.88055004520398             ;p: 8.934064128000002e-05error: 100000000
model: -4.79349000534271*x*z + 2.58378653836141*x - 1.79982849177532*y**2*z - 1.16536105828102;p: 2.794536378191317e-08error: 100000000
model: -2.92529924558891*x - 0.753145312484937*z                             ;p: 0.0015510528000000003error: 100000000
model: 0.864101661863267*x*z**2                                              ;p: 0.0008789299200000002error: 100000000
model: 0.11318982546456*x - 2.75682971025261*y**3                            ;p: 2.6230675046400015e-05error: 100000000
model: 2.27044262711328*x*y - 2.29672094761285*x*z - 3.68517200708872        ;p: 6.486130556928003e-06error: 100000000
model: -1.29147200782111*x*z - 3.0294571981436*x - 0.401441162439926         ;p: 1.1792964648960004e-05error: 100000000
[1] [2, 3]
