["'x'", "'y'", "'z'"]
Grammar with 9 productions (start state = S)
    S -> S '+' R [0.4]
    S -> R [0.6]
    R -> T [1.0]
    R -> 'C' '*' F '(' T ')' [0]
    T -> T '*' V [0.4]
    T -> 'C' [0.6]
    V -> 'x' [0.33]
    V -> 'y' [0.33]
    V -> 'z' [0.34]
2 =samples cardinality
Estimating model C0*y
Estimating model C0*z**2
ModelBox: 2 models
-> C0*y, p = 0.04752, parse trees = 1, valid = True, error = 0.0018941730276903427
-> C0*z**2, p = 0.006658560000000002, parse trees = 1, valid = True, error = 3.890754573215518

Final score:
model: 5.35974259866866*y                                                    ; p: 0.04752; error: 0.0018941730276903427
model: 6.73735071975061*z**2                                                 ; p: 0.006658560000000002; error: 3.890754573215518
[1] [2, 3]
