["'x'", "'y'", "'z'"]
Grammar with 9 productions (start state = S)
    S -> S '+' R [0.4]
    S -> R [0.6]
    R -> T [1.0]
    R -> 'C' '*' F '(' T ')' [0]
    T -> T '*' V [0.4]
    T -> 'C' [0.6]
    V -> 'x' [0.33]
    V -> 'y' [0.33]
    V -> 'z' [0.34]
3 =samples cardinality
Estimating model C0*y
Estimating model C0*z**2
Estimating model C0*x*y*z
ModelBox: 3 models
-> C0*y, p = 0.04752, parse trees = 1, valid = True, error = 0.0018941729928990403
-> C0*z**2, p = 0.006658560000000002, parse trees = 1, valid = True, error = 3.890754573146511
-> C0*x*y*z, p = 0.0008530790400000001, parse trees = 1, valid = True, error = 9.545602282212483

Final score:
model: 5.35973544102781*y                                                    ; p: 0.04752; error: 0.0018941729928990403
model: 6.7373326413682*z**2                                                  ; p: 0.006658560000000002; error: 3.890754573146511
model: 0.709508305055295*x*y*z                                               ; p: 0.0008530790400000001; error: 9.545602282212483
[1] [2, 3]
