["'x'", "'y'", "'z'"]
Grammar with 9 productions (start state = S)
    S -> S '+' R [0.4]
    S -> R [0.6]
    R -> T [1.0]
    R -> 'C' '*' F '(' T ')' [0]
    T -> T '*' V [0.4]
    T -> 'C' [0.6]
    V -> 'x' [0.33]
    V -> 'y' [0.33]
    V -> 'z' [0.34]
8 =samples cardinality
Estimating model C0*y
Estimating model C0*z**2
Estimating model C0*x*y*z
Estimating model C0*x**2 + C1
Excepted an error: The map-like callable must be of the form f(func, iterable), returning a sequence of numbers the same length as 'iterable'!! 
Model: C0*x**2 + C1
Estimating model C0*x**3*y**2*z
Excepted an error: The map-like callable must be of the form f(func, iterable), returning a sequence of numbers the same length as 'iterable'!! 
Model: C0*x**3*y**2*z
Estimating model C0*x
ModelBox: 6 models
-> C0*y, p = 0.04752, parse trees = 1, valid = True, error = 0.0018941729920876652
-> C0*z**2, p = 0.006658560000000002, parse trees = 1, valid = True, error = 3.8907545731556796
-> C0*x*y*z, p = 0.0008530790400000001, parse trees = 1, valid = True, error = 9.545602282212483
-> C0*x**2 + C1, p = 0.0015054336000000005, parse trees = 1, valid = False
-> C0*x**3*y**2*z, p = 1.962054493470721e-06, parse trees = 1, valid = False
-> C0*x, p = 0.0015054336000000002, parse trees = 1, valid = True, error = 5.506869976665

Final score:
model: 5.35973446690431*y                                                    ; p: 0.04752; error: 0.0018941729920876652
model: 6.73733963939409*z**2                                                 ; p: 0.006658560000000002; error: 3.8907545731556796
model: 0.709508304357359*x*y*z                                               ; p: 0.0008530790400000001; error: 9.545602282212483
model: 3.20993229847935 - 1.31274829339036*x**2                              ; p: 0.0015054336000000005; error: 100000000
model: 0.759464955561793*x**3*y**2*z                                         ; p: 1.962054493470721e-06; error: 100000000
model: 10.0*x                                                                ; p: 0.0015054336000000002; error: 5.506869976665
[1] [2, 3]
