["'x'", "'y'", "'z'"]
Grammar with 9 productions (start state = S)
    S -> S '+' R [0.4]
    S -> R [0.6]
    R -> T [1.0]
    R -> 'C' '*' F '(' T ')' [0]
    T -> T '*' V [0.4]
    T -> 'C' [0.6]
    V -> 'x' [0.33]
    V -> 'y' [0.33]
    V -> 'z' [0.34]
5 =samples cardinality
Estimating model C0*z**3 + C1
Estimating model C0*y
Estimating model C0*z
Estimating model C0*x**2*y*z
Excepted an error: The map-like callable must be of the form f(func, iterable), returning a sequence of numbers the same length as 'iterable'!! 
Model: C0*x**2*y*z
Estimating model C0*x*z + C1
ModelBox: 5 models
-> C0*z**3 + C1, p = 0.0002173353984000001, parse trees = 1, valid = True, error = 1.3211318960101186
-> C0*y, p = 0.04752, parse trees = 1, valid = True, error = 0.0018941730067119481
-> C0*z, p = 0.048960000000000004, parse trees = 1, valid = True, error = 4.248228244228097
-> C0*x**2*y*z, p = 0.00011260643328000003, parse trees = 1, valid = False
-> C0*x*z + C1, p = 8.934064128e-05, parse trees = 1, valid = True, error = 0.46131563972455547

Final score:
model: 0.650703700404322*z**3 + 10.0                                         ;p: 0.0002173353984000001error: 1.3211318960101186
model: 5.35972863761938*y                                                    ;p: 0.04752error: 0.0018941730067119481
model: 10.0*z                                                                ;p: 0.048960000000000004error: 4.248228244228097
model: -3.38690482115004*x**2*y*z                                            ;p: 0.00011260643328000003error: 100000000
model: 2.69470378489914*x*z + 9.70787694602745                               ;p: 8.934064128e-05error: 0.46131563972455547
[1] [2, 3]
