["'y'", "'x'", "'z'"]
Grammar with 9 productions (start state = S)
    S -> S '+' R [0.4]
    S -> R [0.6]
    R -> T [1.0]
    R -> 'C' '*' F '(' T ')' [0]
    T -> T '*' V [0.4]
    T -> 'C' [0.6]
    V -> 'y' [0.33]
    V -> 'x' [0.33]
    V -> 'z' [0.34]
3000 =samples cardinality
ModelBox: 360 models
-> C0*z**3 + C1, p = 0.0004898357369634818, parse trees = 4, valid = False
-> C0*x, p = 0.049073125736448, parse trees = 3, valid = False
-> C0*z, p = 0.0505580544, parse trees = 2, valid = False
-> C0*x*y**2*z, p = 0.0007882450329600001, parse trees = 7, valid = False
-> C0*y*z + C1, p = 0.008429218191082785, parse trees = 15, valid = False
-> C0*y + C1, p = 0.035146071067852794, parse trees = 19, valid = False
-> C0*x + C1, p = 0.034929050668027074, parse trees = 16, valid = False
-> C0*x*y, p = 0.012545280000000002, parse trees = 2, valid = False
-> C0*z + C1, p = 0.036818832136863766, parse trees = 24, valid = False
-> C0*y, p = 0.0490254336, parse trees = 2, valid = False
-> C0*x + C1*z + C2, p = 0.00291393435598848, parse trees = 16, valid = False
-> C0*x**2*z + C1*y*z + C2*y + C3, p = 2.794536378191317e-08, parse trees = 1, valid = False
-> C0*y + C1*z, p = 0.003155988251085373, parse trees = 5, valid = False
-> C0*y*z**2, p = 0.0026367897600000005, parse trees = 3, valid = False
-> C0*x**3 + C1*y, p = 2.6230675046400015e-05, parse trees = 1, valid = False
-> C0*x*y + C1*y*z + C2, p = 2.1015063004446727e-05, parse trees = 4, valid = False
-> C0*y*z + C1*y + C2, p = 0.0002452779407455028, parse trees = 9, valid = False
-> C0*x*y*z, p = 0.005118474240000001, parse trees = 6, valid = False
-> C0*x + C1*y, p = 0.0030108672000000005, parse trees = 2, valid = False
-> C0*y**2 + C1*z, p = 0.0002047389696000001, parse trees = 1, valid = False
-> C0*x + C1*y + C2, p = 0.00269457317182883, parse trees = 21, valid = False
-> C0*x*y**2 + C1, p = 0.0010889704488960005, parse trees = 7, valid = False
-> C0*x*z + C1, p = 0.008705749155840003, parse trees = 13, valid = False
-> C0*y**2, p = 0.006298870675046401, parse trees = 2, valid = False
-> C0*x + C1*z**3, p = 2.868827258880001e-05, parse trees = 1, valid = False
-> C0*x**2, p = 0.006272640000000001, parse trees = 1, valid = False
-> C0*x*z + C1*z**2 + C2, p = 3.965866802675714e-07, parse trees = 1, valid = False
-> C0*x*y + C1, p = 0.00847550349154714, parse trees = 15, valid = False
-> C0*x**2*y**2 + C1*z + C2, p = 2.054806160434792e-07, parse trees = 1, valid = False
-> C0*x*z + C1*y, p = 0.0008254420089569282, parse trees = 5, valid = False
-> C0*x*y + C1*z + C2, p = 0.0001725195628807875, parse trees = 8, valid = False
-> C0*x**2 + C1*y**2, p = 5.2461350092800024e-05, parse trees = 2, valid = False
-> C0*y*z, p = 0.012953284499865601, parse trees = 3, valid = False
-> C0*x*z + C1*z + C2, p = 2.2551007309332493e-05, parse trees = 5, valid = False
-> C0*x*z, p = 0.012981128999731202, parse trees = 4, valid = False
-> C0*x**2*z**2 + C1, p = 1.6038431922585608e-06, parse trees = 1, valid = False
-> C0*x*y*z + C1*x + C2, p = 1.9843828474347166e-05, parse trees = 5, valid = False
-> C0*z**2 + C1, p = 0.0043908909760512005, parse trees = 7, valid = False
-> C0*z**2, p = 0.006658560000000002, parse trees = 1, valid = False
-> C0*x + C1*z**3 + C2, p = 3.304889002229762e-06, parse trees = 2, valid = False
-> C0*x + C1*y**5 + C2, p = 1.0969038768203372e-07, parse trees = 1, valid = False
-> C0*x*z**2, p = 0.0026367897600000005, parse trees = 3, valid = False
-> C0*x*y**2*z + C1*x*z, p = 4.851625656582146e-07, parse trees = 1, valid = False
-> C0*x**2*z + C1, p = 0.0012893641349529604, parse trees = 8, valid = False
-> C0*y + C1*z + C2, p = 0.0023856285990518783, parse trees = 17, valid = False
-> C0*y**2 + C1*z + C2, p = 0.00011167151324921862, parse trees = 4, valid = False
-> C0*y**2*z + C1*z + C2, p = 8.287435296676406e-06, parse trees = 3, valid = False
-> C0*y*z + C1*z, p = 0.0006328295424000001, parse trees = 3, valid = False
-> C0*x*y*z**2 + C1*x, p = 7.350947964518404e-06, parse trees = 2, valid = False
-> C0*x**2*z, p = 0.00255923712, parse trees = 3, valid = False
-> C0*x + C1*z**2, p = 0.00021094318080000006, parse trees = 1, valid = False
-> C0*x*y**2*z**2, p = 3.062894985216001e-05, parse trees = 2, valid = False
-> C0*x**3, p = 0.0008279884800000003, parse trees = 1, valid = False
-> C0*x*z**2 + C1*x + C2*y*z + C3, p = 6.910126316982166e-09, parse trees = 1, valid = False
-> C0*y**2*z, p = 0.0025592371200000006, parse trees = 3, valid = False
-> C0*y**2 + C1, p = 0.0038409994174464003, parse trees = 6, valid = False
-> C0*x**2*y*z**3 + C1*x + C2, p = 1.583570614308413e-08, parse trees = 1, valid = False
-> C0*x*y**2*z**2 + C1, p = 5.439701493743618e-06, parse trees = 3, valid = False
-> C0*y*z**2 + C1, p = 0.0013676116704315314, parse trees = 9, valid = False
-> C0*x + C1*y**2, p = 0.0003974344704000001, parse trees = 2, valid = False
-> C0*x*z + C1*y**2, p = 2.7025543987200012e-05, parse trees = 1, valid = False
-> C0*x*y**2 + C1*x + C2*y, p = 8.309877854699524e-07, parse trees = 1, valid = False
-> C0*z**2 + C1*z, p = 0.0004417646242037762, parse trees = 3, valid = False
-> C0*x*y*z + C1*x, p = 2.7025543987200005e-05, parse trees = 1, valid = False
-> C0*y**3 + C1, p = 0.00024640937164800014, parse trees = 2, valid = False
-> C0*x + C1*z, p = 0.003151242952704, parse trees = 3, valid = False
-> C0*x*y*z + C1*z**4, p = 7.004161425392276e-08, parse trees = 1, valid = False
-> C0*x*y + C1*y**2*z, p = 3.5673718063104015e-06, parse trees = 1, valid = False
-> C0*x**2*y**2*z**2, p = 2.021510690242561e-06, parse trees = 1, valid = False
-> C0*y + C1*z**2 + C2, p = 0.00011340305399808004, parse trees = 3, valid = False
-> C0*x*y*z + C1*z + C2, p = 1.3750282301630059e-05, parse trees = 3, valid = False
-> C0*x**2 + C1*z, p = 0.00040947793920000016, parse trees = 2, valid = False
-> C0*x**2 + C1*x + C2*y**2*z + C3, p = 6.509625916257422e-09, parse trees = 1, valid = False
-> C0*x*y*z**2, p = 0.0011601874944000003, parse trees = 10, valid = False
-> C0*x**4*y**5*z**2 + C1, p = 1.9442716340144685e-11, parse trees = 1, valid = False
-> C0*x**2 + C1*x*z**2, p = 3.675473982259202e-06, parse trees = 1, valid = False
-> C0*x*y**2 + C1*y**2*z + C2, p = 2.7123441317739253e-08, parse trees = 1, valid = False
-> C0*x*z + C1*y**2 + C2, p = 1.2972261113856007e-05, parse trees = 2, valid = False
-> C0*x*y*z + C1, p = 0.0019673416726216707, parse trees = 14, valid = False
-> C0*x*y + C1*x*z + C2*z + C3, p = 5.413116551671152e-11, parse trees = 1, valid = False
-> C0*x + C1*y**3 + C2, p = 3.6261285184143386e-07, parse trees = 1, valid = False
-> C0*x**3*z**2 + C1*z, p = 4.998644615872516e-07, parse trees = 1, valid = False
-> C0*x**2*z**3, p = 1.577854992384001e-05, parse trees = 1, valid = False
-> C0*x*y + C1*y**2 + C2, p = 1.2590724022272007e-05, parse trees = 2, valid = False
-> C0*x*y**2, p = 0.002483965440000001, parse trees = 3, valid = False
-> C0*x**2 + C1, p = 0.0042890164568064005, parse trees = 8, valid = False
-> C0*x**3*y*z**2 + C1*y**2, p = 8.453472544028734e-09, parse trees = 1, valid = False
-> C0*z**3, p = 0.0009055641600000002, parse trees = 1, valid = False
-> C0*x**3*y*z**2, p = 4.043021380485122e-06, parse trees = 2, valid = False
-> C0*x**2 + C1*y, p = 0.0003974344704000001, parse trees = 2, valid = False
-> C0*x*y**3*z**5 + C1*x + C2, p = 5.344694758458029e-13, parse trees = 1, valid = False
-> C0*x*y**2 + C1*x*z + C2*y + C3*z + C4, p = 1.1728412102668808e-13, parse trees = 1, valid = False
-> C0*x*y**3*z + C1*y + C2, p = 1.1301433882391353e-07, parse trees = 1, valid = False
-> C0*x**2 + C1*x + C2*y + C3, p = 1.5108868826726406e-06, parse trees = 1, valid = False
-> C0*x**2*z + C1*z + C2, p = 1.4969203127746564e-05, parse trees = 3, valid = False
-> C0*y*z + C1*z + C2, p = 0.00011340305399808004, parse trees = 3, valid = False
-> C0*x**2 + C1*y + C2, p = 0.00020496172559892486, parse trees = 6, valid = False
-> C0*y**2 + C1*y, p = 0.00019871723520000005, parse trees = 1, valid = False
-> C0*x**2 + C1*x + C2, p = 9.538427289600002e-05, parse trees = 2, valid = False
-> C0*x**2*y + C1*z, p = 2.7025543987200012e-05, parse trees = 1, valid = False
-> C0*x*z**3 + C1*z, p = 7.803210144153604e-06, parse trees = 2, valid = False
-> C0*x**3*y*z + C1*x, p = 9.417861568659461e-07, parse trees = 2, valid = False
-> C0*x**2*y + C1, p = 0.00084805521136681, parse trees = 7, valid = False
-> C0*x*z**3, p = 0.0002390689382400001, parse trees = 2, valid = False
-> C0*x*y + C1*z, p = 0.0008189558784000003, parse trees = 4, valid = False
-> C0*y*z**3, p = 0.0002390689382400001, parse trees = 2, valid = False
-> C0*x*z**2 + C1*x + C2, p = 1.6962245601326541e-06, parse trees = 2, valid = False
-> C0*x**3*y**2*z + C1, p = 2.7123441317739246e-08, parse trees = 1, valid = False
-> C0*x**4*z + C1, p = 3.5673718063104015e-06, parse trees = 1, valid = False
-> C0*x*y**2 + C1*z + C2, p = 6.486130556928005e-06, parse trees = 1, valid = False
-> C0*x*y**2*z + C1, p = 2.8582215320862724e-05, parse trees = 2, valid = False
-> C0*x*z + C1*z, p = 0.0004218863616000001, parse trees = 2, valid = False
-> C0*x**3*y**2 + C1*x + C2*y + C3, p = 8.339979556240391e-10, parse trees = 1, valid = False
-> C0*x**3*y*z + C1*x*y*z + C2*y, p = 2.6780601019483034e-10, parse trees = 1, valid = False
-> C0*y**2*z + C1*y*z + C2, p = 1.0938210571203382e-06, parse trees = 2, valid = False
-> C0*y + C1*z**2, p = 0.00042188636160000017, parse trees = 2, valid = False
-> C0*x**3*y**2, p = 4.328061382656002e-05, parse trees = 3, valid = False
-> C0*x*y + C1*x + C2, p = 0.00018016181464596483, parse trees = 7, valid = False
-> C0*y*z + C1*y, p = 0.0008189558784000002, parse trees = 4, valid = False
-> C0*x**3*y + C1*x*z + C2, p = 2.7123441317739253e-08, parse trees = 1, valid = False
-> C0*x**2*z + C1*y*z, p = 3.675473982259201e-06, parse trees = 1, valid = False
-> C0*x*y**2*z**2 + C1*x*y**2 + C2, p = 2.0288334105668962e-09, parse trees = 1, valid = False
-> C0*x**2 + C1*z + C2, p = 0.00011450182476496901, parse trees = 5, valid = False
-> C0*x*z**2 + C1, p = 0.0012274935569842182, parse trees = 12, valid = False
-> C0*y**2*z + C1, p = 0.0011337625180569604, parse trees = 8, valid = False
-> C0*x*y**3 + C1, p = 2.6230675046400012e-05, parse trees = 1, valid = False
-> C0*x + C1*y**3*z**2 + C2, p = 2.7945363781913173e-08, parse trees = 1, valid = False
-> C0*x**2*z + C1*x**2 + C2*x*z + C3, p = 3.6887880192125384e-09, parse trees = 1, valid = False
-> C0*x*y**2 + C1*x*y*z + C2, p = 2.7123441317739253e-08, parse trees = 1, valid = False
-> C0*x*y + C1*x*z + C2, p = 6.486130556928003e-06, parse trees = 1, valid = False
-> C0*x + C1*y + C2*z**2 + C3, p = 9.23813678740931e-08, parse trees = 1, valid = False
-> C0*x**2*y**3*z, p = 1.962054493470721e-06, parse trees = 1, valid = False
-> C0*x*y + C1*x*z**2 + C2*x, p = 1.1643901575797154e-07, parse trees = 1, valid = False
-> C0*y*z**2 + C1*y*z, p = 3.7868519817216017e-06, parse trees = 1, valid = False
-> C0*x*y**2 + C1*z, p = 2.7025543987200012e-05, parse trees = 1, valid = False
-> C0*x**3*y*z**3 + C1*z + C2, p = 7.029533299739621e-11, parse trees = 1, valid = False
-> C0*x*y**2*z + C1*x + C2, p = 1.7123384670289927e-06, parse trees = 2, valid = False
-> C0*x + C1*y*z, p = 0.0004103600529557423, parse trees = 3, valid = False
-> C0*x*y**3*z**2 + C1, p = 1.1643901575797155e-07, parse trees = 1, valid = False
-> C0*x*y*z + C1*x*y + C2, p = 8.561692335144963e-07, parse trees = 1, valid = False
-> C0*y**3 + C1*z**2 + C2, p = 8.821137557422085e-07, parse trees = 1, valid = False
-> C0*x*z + C1*y*z, p = 8.353349959680002e-05, parse trees = 3, valid = False
-> C0*x**2*y, p = 0.002483965440000001, parse trees = 3, valid = False
-> C0*x*z + C1*y + C2*z + C3, p = 2.2171528289782346e-08, parse trees = 1, valid = False
-> C0*x**2*y*z, p = 0.0006756385996800002, parse trees = 6, valid = False
-> C0*x**2*y*z + C1*y + C2, p = 4.1096123208695825e-07, parse trees = 2, valid = False
-> C0*x*z + C1*x + C2, p = 7.838390503342083e-05, parse trees = 5, valid = False
-> C0*x**2*y*z + C1*y, p = 3.5673718063104024e-06, parse trees = 1, valid = False
-> C0*y**4 + C1*y + C2, p = 8.309877854699524e-07, parse trees = 1, valid = False
-> C0*x*y*z**2 + C1, p = 9.021617956454404e-05, parse trees = 4, valid = False
-> C0*x**2 + C1*x*y*z, p = 3.5673718063104024e-06, parse trees = 1, valid = False
-> C0*x*y**2 + C1*x + C2*z + C3, p = 2.0548061604347915e-07, parse trees = 1, valid = False
-> C0*x**3*z, p = 0.00022521286656000008, parse trees = 2, valid = False
-> C0*x*y**2*z**2 + C1*y + C2, p = 1.1643901575797151e-07, parse trees = 1, valid = False
-> C0*y**3, p = 0.0008279884800000003, parse trees = 1, valid = False
-> C0*x + C1*y**2 + C2, p = 2.7470670594048012e-06, parse trees = 1, valid = False
-> C0*x*y*z + C1*y**2 + C2*y + C3, p = 2.7123441317739246e-08, parse trees = 1, valid = False
-> C0*x*y + C1*x + C2*y + C3, p = 1.5979139671145846e-06, parse trees = 2, valid = False
-> C0*x*y**2*z + C1*x + C2*y + C3, p = 2.7123441317739253e-08, parse trees = 1, valid = False
-> C0*x**2*y*z + C1*y**2 + C2, p = 6.50962591625742e-09, parse trees = 1, valid = False
-> C0*x**3*y*z**3, p = 2.749254538729884e-07, parse trees = 1, valid = False
-> C0*y**2*z**2, p = 0.0004640749977600002, parse trees = 4, valid = False
-> C0*x*y**4*z + C1*x + C2, p = 1.1342372196486931e-10, parse trees = 1, valid = False
-> C0*y**3*z, p = 0.0003378192998400001, parse trees = 3, valid = False
-> C0*x*z + C1*x, p = 0.0004094779392000001, parse trees = 2, valid = False
-> C0*x**2*y*z + C1*x + C2*y**2 + C3*y*z + C4*y + C5, p = 1.1728412102668808e-13, parse trees = 1, valid = False
-> C0*x**2*y**3 + C1, p = 4.293436891594755e-06, parse trees = 2, valid = False
-> C0*x*y*z + C1*x + C2*y, p = 8.561692335144965e-07, parse trees = 1, valid = False
-> C0*x**2 + C1*x + C2*z + C3, p = 4.632653888980257e-07, parse trees = 2, valid = False
-> C0*x*y + C1*x + C2*y**2 + C3, p = 1.994370685127886e-07, parse trees = 1, valid = False
-> C0*x*z + C1*y**2*z + C2, p = 2.1170730137813005e-07, parse trees = 1, valid = False
-> C0*x*y**2 + C1*y*z + C2, p = 4.9315347850435005e-08, parse trees = 1, valid = False
-> C0*x*y + C1*x + C2*z + C3, p = 1.7932853763794545e-07, parse trees = 2, valid = False
-> C0*x + C1*y**2 + C2*y, p = 6.295362011136003e-06, parse trees = 1, valid = False
-> C0*x*y + C1*x, p = 0.0008011643028111362, parse trees = 5, valid = False
-> C0*x**3 + C1*z + C2, p = 8.042801890590725e-06, parse trees = 2, valid = False
-> C0*y**2*z**2 + C1*y + C2, p = 9.837332604037109e-07, parse trees = 3, valid = False
-> C0*x**2*y*z**2, p = 3.062894985216002e-05, parse trees = 2, valid = False
-> C0*x**2*z**2 + C1*x, p = 3.675473982259202e-06, parse trees = 1, valid = False
-> C0*x*z + C1*y + C2, p = 0.00020958079399262952, parse trees = 10, valid = False
-> C0*x*z**3 + C1, p = 7.114691602022403e-05, parse trees = 4, valid = False
-> C0*x + C1*y*z**2 + C2, p = 1.6038431922585608e-06, parse trees = 1, valid = False
-> C0*x*y*z + C1*x + C2*y**2 + C3*y*z + C4*y + C5*z + C6, p = 1.208381853002241e-13, parse trees = 1, valid = False
-> C0*x*y**3*z, p = 1.4864049192960007e-05, parse trees = 1, valid = False
-> C0*x**3 + C1*x*y + C2, p = 8.309877854699526e-07, parse trees = 1, valid = False
-> C0*x*y + C1*y + C2, p = 7.058587830295934e-05, parse trees = 4, valid = False
-> C0*x**2*z**2, p = 0.00023203749888000007, parse trees = 2, valid = False
-> C0*x**3*y**2*z**2 + C1, p = 6.404145866688434e-08, parse trees = 1, valid = False
-> C0*x**2*y**2*z**4 + C1, p = 2.153656035459442e-09, parse trees = 1, valid = False
-> C0*x**2*y*z + C1*x*y + C2*x + C3*y**2*z + C4*y + C5, p = 1.5481503975522824e-14, parse trees = 1, valid = False
-> C0*y**2*z + C1*y + C2, p = 2.1519424516553446e-08, parse trees = 1, valid = False
-> C0*x**4*y**2*z + C1, p = 1.4917892724756588e-08, parse trees = 1, valid = False
-> C0*x*y + C1*x + C2*y + C3*z, p = 2.0548061604347923e-07, parse trees = 1, valid = False
-> C0*x**2*y*z + C1, p = 5.405108797440002e-05, parse trees = 2, valid = False
-> C0*x**2*z + C1*y**3 + C2*z + C3, p = 8.853091246110093e-10, parse trees = 1, valid = False
-> C0*x*y**3*z**2, p = 2.021510690242561e-06, parse trees = 1, valid = False
-> C0*x**2*z**2 + C1*z, p = 7.573703963443205e-06, parse trees = 2, valid = False
-> C0*x*z**2 + C1*x + C2*z, p = 9.088444756131845e-07, parse trees = 1, valid = False
-> C0*x**2*y + C1*y**3 + C2, p = 2.632569304368811e-08, parse trees = 1, valid = False
-> C0*x*y*z + C1*z**2, p = 3.7868519817216017e-06, parse trees = 1, valid = False
-> C0*x*y*z**3 + C1, p = 1.5147407926886408e-05, parse trees = 4, valid = False
-> C0*x**3*y + C1, p = 7.869202513920003e-05, parse trees = 3, valid = False
-> C0*x*y + C1*x*z, p = 5.4051087974400024e-05, parse trees = 2, valid = False
-> C0*x**4*y**3, p = 2.5137380510466065e-07, parse trees = 1, valid = False
-> C0*x*y*z + C1*y + C2*z + C3, p = 3.9802327585817264e-10, parse trees = 1, valid = False
-> C0*x*y**2*z + C1*y + C2, p = 2.0548061604347915e-07, parse trees = 1, valid = False
-> C0*x*y*z**2 + C1*y + C2, p = 2.1170730137813005e-07, parse trees = 1, valid = False
-> C0*x**2*z**2 + C1*x*z + C2*x + C3*z**2, p = 7.02953329973962e-11, parse trees = 1, valid = False
-> C0*x**2*y + C1*z**2 + C2, p = 2.117073013781301e-07, parse trees = 1, valid = False
-> C0*x**3*y, p = 0.0002185889587200001, parse trees = 2, valid = False
-> C0*x**3 + C1*y*z + C2, p = 8.561692335144965e-07, parse trees = 1, valid = False
-> C0*y**2 + C1*y + C2, p = 0.00015452252209152004, parse trees = 4, valid = False
-> C0*x**2*y**2*z**2 + C1*z, p = 6.59821089295172e-08, parse trees = 1, valid = False
-> C0*x*y*z + C1*z, p = 5.568899973120002e-05, parse trees = 2, valid = False
-> C0*x**2*y + C1*y**2 + C2*y, p = 1.0969038768203376e-07, parse trees = 1, valid = False
-> C0*x**2*y*z + C1*x**2*z + C2*z, p = 2.090313210887105e-09, parse trees = 1, valid = False
-> C0*x**2 + C1*z**2 + C2, p = 6.6826799677440035e-06, parse trees = 1, valid = False
-> C0*x*y**2 + C1*x*z, p = 3.5673718063104024e-06, parse trees = 1, valid = False
-> C0*x*y*z**2 + C1*x + C2, p = 8.821137557422085e-07, parse trees = 1, valid = False
-> C0*x*y + C1*y**2 + C2*y, p = 8.309877854699524e-07, parse trees = 1, valid = False
-> C0*x + C1*y*z + C2*z, p = 6.682679967744002e-06, parse trees = 1, valid = False
-> C0*x**2 + C1*x*y*z**4, p = 8.973566814414343e-09, parse trees = 1, valid = False
-> C0*x**2*z + C1*x*y + C2, p = 8.561692335144963e-07, parse trees = 1, valid = False
-> C0*x**2*y**2*z + C1, p = 3.5673718063104015e-06, parse trees = 1, valid = False
-> C0*x*y*z + C1*y*z + C2*z + C3, p = 6.910126316982166e-09, parse trees = 1, valid = False
-> C0*x**3*z + C1*z**2 + C2, p = 3.9802327585817284e-10, parse trees = 1, valid = False
-> C0*x**2*z + C1*y, p = 2.7025543987200005e-05, parse trees = 1, valid = False
-> C0*x + C1*y*z**2 + C2*z, p = 9.088444756131845e-07, parse trees = 1, valid = False
-> C0*x + C1*y**4 + C2, p = 8.788526819130217e-07, parse trees = 2, valid = False
-> C0*x*y*z + C1*x + C2*y**2*z**2 + C3, p = 6.935157558552801e-12, parse trees = 1, valid = False
-> C0*x*y**2 + C1*y*z + C2*z**2 + C3, p = 9.121366738416457e-10, parse trees = 1, valid = False
-> C0*x*y + C1*y, p = 0.0007948689408000002, parse trees = 4, valid = False
-> C0*x**2 + C1*z**2, p = 2.7844499865600016e-05, parse trees = 1, valid = False
-> C0*x**2*y**2*z, p = 5.945619677184003e-05, parse trees = 4, valid = False
-> C0*x**2*y*z**2 + C1*x + C2, p = 3.6887880192125393e-09, parse trees = 1, valid = False
-> C0*x**2 + C1*y + C2*z + C3, p = 1.5566713336627204e-06, parse trees = 1, valid = False
-> C0*x**3*y**2 + C1*z, p = 4.7089307843297307e-07, parse trees = 1, valid = False
-> C0*x + C1*y*z**3, p = 3.7868519817216017e-06, parse trees = 1, valid = False
-> C0*x**2*y**2*z + C1*y**3*z, p = 1.1158583758117932e-09, parse trees = 1, valid = False
-> C0*x + C1*y*z + C2, p = 5.1967664219750415e-05, parse trees = 2, valid = False
-> C0*x*y**2 + C1*x*y*z + C2*x, p = 1.4917892724756588e-08, parse trees = 1, valid = False
-> C0*x**3*y**4 + C1, p = 6.032971322511856e-08, parse trees = 1, valid = False
-> C0*x**3*z + C1, p = 5.405108797440001e-05, parse trees = 2, valid = False
-> C0*x*z**2 + C1*z, p = 5.7376545177600026e-05, parse trees = 2, valid = False
-> C0*x*y*z + C1*y*z**3, p = 6.79815667758662e-08, parse trees = 1, valid = False
-> C0*x**2*y + C1*y + C2, p = 1.888608603340801e-05, parse trees = 3, valid = False
-> C0*x*y*z + C1*y*z + C2, p = 8.821137557422084e-07, parse trees = 1, valid = False
-> C0*x**2 + C1*x*z + C2*z + C3, p = 2.1170730137813005e-07, parse trees = 1, valid = False
-> C0*x*y**2 + C1*y + C2, p = 1.5108868826726406e-06, parse trees = 1, valid = False
-> C0*x**2 + C1*y*z + C2, p = 1.2972261113856007e-05, parse trees = 2, valid = False
-> C0*x**2*y*z**2 + C1*x**2 + C2*x + C3*y**2*z + C4*y + C5, p = 2.910621829023736e-17, parse trees = 1, valid = False
-> C0*x**2*y**2 + C1*x + C2, p = 1.9943706851278858e-07, parse trees = 1, valid = False
-> C0*x**2*y**2*z + C1*x*y*z**2 + C2, p = 2.7592134383709796e-10, parse trees = 1, valid = False
-> C0*x**3*y + C1*x**2*y*z + C2*x + C3*y + C4, p = 4.74310783563812e-13, parse trees = 1, valid = False
-> C0*y*z**2 + C1*y, p = 2.7844499865600013e-05, parse trees = 1, valid = False
-> C0*x**2*y**3*z**4, p = 4.935461747927887e-09, parse trees = 1, valid = False
-> C0*x*z**3 + C1*y + C2, p = 9.088444756131845e-07, parse trees = 1, valid = False
-> C0*x**3 + C1, p = 0.000400181537459405, parse trees = 3, valid = False
-> C0*x**2*y**3 + C1*y*z, p = 6.215788635315246e-08, parse trees = 1, valid = False
-> C0*x*y + C1*y*z**2 + C2*z + C3, p = 3.9802327585817274e-10, parse trees = 1, valid = False
-> C0*x*y + C1*z**2 + C2*z + C3, p = 2.3238126610709484e-10, parse trees = 1, valid = False
-> C0*x**2*z**3 + C1, p = 3.7868519817216017e-06, parse trees = 1, valid = False
-> C0*x + C1*y + C2*z, p = 0.00014741205811200005, parse trees = 3, valid = False
-> C0*x**2 + C1*x*z, p = 2.7025543987200012e-05, parse trees = 1, valid = False
-> C0*x**2*y + C1*y**2 + C2*z + C3, p = 6.509625916257422e-09, parse trees = 1, valid = False
-> C0*x*y + C1*z**3 + C2, p = 9.088444756131847e-07, parse trees = 1, valid = False
-> C0*x + C1*y**2 + C2*y + C3, p = 1.3489198088501337e-07, parse trees = 2, valid = False
-> C0*x*y**2*z**2 + C1*x + C2, p = 1.1643901575797155e-07, parse trees = 1, valid = False
-> C0*y*z**2 + C1*z**2 + C2, p = 9.363852172984326e-07, parse trees = 1, valid = False
-> C0*x**2*y**2*z**2 + C1*z**2, p = 8.973566814414341e-09, parse trees = 1, valid = False
-> C0*x**2*y + C1*x, p = 8.309877854699524e-07, parse trees = 1, valid = False
-> C0*x**2*y**2 + C1*x*z + C2*y + C3, p = 3.5802942539415818e-09, parse trees = 1, valid = False
-> C0*x*y*z**3 + C1*z, p = 5.150118695141379e-07, parse trees = 1, valid = False
-> C0*y**2*z**2 + C1, p = 2.7844499865600013e-05, parse trees = 1, valid = False
-> C0*y**3*z + C1, p = 2.7025543987200005e-05, parse trees = 1, valid = False
-> C0*x**2*z + C1*x + C2, p = 2.840564036185056e-09, parse trees = 1, valid = False
-> C0*x*z + C1*y**2 + C2*y + C3, p = 2.0548061604347912e-07, parse trees = 1, valid = False
-> C0*x*z + C1*x + C2*z + C3, p = 3.300067752391214e-06, parse trees = 3, valid = False
-> C0*x*y**4*z + C1, p = 4.7089307843297307e-07, parse trees = 1, valid = False
-> C0*x**4*y*z**2 + C1*y, p = 8.453472544028734e-09, parse trees = 1, valid = False
-> C0*x*z**4 + C1*z**2 + C2, p = 1.731938097915181e-08, parse trees = 1, valid = False
-> C0*y*z + C1*z**3 + C2, p = 9.363852172984324e-07, parse trees = 1, valid = False
-> C0*x**4*z, p = 1.4864049192960007e-05, parse trees = 1, valid = False
-> C0*y**2*z**3, p = 1.5778549923840007e-05, parse trees = 1, valid = False
-> C0*y*z + C1*y + C2*z + C3, p = 1.8476273574818618e-07, parse trees = 2, valid = False
-> C0*z**4, p = 0.00012315672576000003, parse trees = 1, valid = False
-> C0*x*y**4*z**2, p = 2.668394111120181e-07, parse trees = 1, valid = False
-> C0*x*y + C1*y**2*z**3 + C2, p = 1.583570614308413e-08, parse trees = 1, valid = False
-> C0*x*y**2 + C1*y, p = 2.6230675046400015e-05, parse trees = 1, valid = False
-> C0*x**2*y*z**2 + C1*y**2*z + C2*y*z, p = 3.752530276184532e-11, parse trees = 1, valid = False
-> C0*x*y**2 + C1*x*y*z + C2*x*y, p = 1.96916183966787e-09, parse trees = 1, valid = False
-> C0*x + C1*z**2 + C2, p = 1.2150327214080007e-05, parse trees = 1, valid = False
-> C0*x*y*z**2 + C1*y + C2*z + C3, p = 6.9101263169821644e-09, parse trees = 1, valid = False
-> C0*x**2*y*z + C1*z + C2, p = 2.9266417342512693e-09, parse trees = 1, valid = False
-> C0*x*y*z + C1*y, p = 2.7025543987200005e-05, parse trees = 1, valid = False
-> C0*x*z**2 + C1*x*z, p = 3.7868519817216017e-06, parse trees = 1, valid = False
-> C0*x**2 + C1*x*y**2*z**3 + C2, p = 2.0903132108871057e-09, parse trees = 1, valid = False
-> C0*x**2*y*z**2 + C1*z, p = 4.998644615872516e-07, parse trees = 1, valid = False
-> C0*x + C1*y*z + C2*y + C3, p = 1.5566713336627204e-06, parse trees = 1, valid = False
-> C0*x**2*z**2 + C1*x*z + C2*y + C3, p = 2.18912801721995e-10, parse trees = 1, valid = False
-> C0*y*z**3 + C1, p = 5.7376545177600026e-05, parse trees = 2, valid = False
-> C0*x**2*y + C1*x*z + C2, p = 8.853091246110093e-10, parse trees = 1, valid = False
-> C0*y**4*z + C1, p = 3.5673718063104015e-06, parse trees = 1, valid = False
-> C0*y*z**2 + C1*z + C2, p = 1.6524445011148806e-06, parse trees = 1, valid = False
-> C0*x**2*y**3*z + C1*x + C2, p = 3.5802942539415818e-09, parse trees = 1, valid = False
-> C0*y**3*z + C1*y*z + C2*y + C3, p = 8.853091246110093e-10, parse trees = 1, valid = False
-> C0*x**2*y**2*z + C1*x**2 + C2, p = 1.4917892724756588e-08, parse trees = 1, valid = False
-> C0*x*y*z + C1*y + C2, p = 6.4861305569280024e-06, parse trees = 1, valid = False
-> C0*x**3*y**2*z**2 + C1*x*y + C2, p = 1.119900461192334e-12, parse trees = 1, valid = False
-> C0*x*z**2 + C1*x, p = 2.7844499865600013e-05, parse trees = 1, valid = False
-> C0*x**2 + C1*x, p = 0.00019871723520000005, parse trees = 1, valid = False
-> C0*y**2*z + C1*y, p = 2.7025543987200012e-05, parse trees = 1, valid = False
-> C0*x + C1*z**2 + C2*z + C3, p = 5.234944179531945e-08, parse trees = 1, valid = False
-> C0*x**2*y**2, p = 0.00010929447936000005, parse trees = 1, valid = False
-> C0*y*z**2 + C1*z, p = 2.8688272588800013e-05, parse trees = 1, valid = False
-> C0*x*y*z + C1*z**2 + C2, p = 5.234944179531943e-08, parse trees = 1, valid = False
-> C0*x*y*z**3, p = 4.733564977152003e-05, parse trees = 3, valid = False
-> C0*x**6*z + C1, p = 1.4917892724756588e-08, parse trees = 1, valid = False
-> C0*x**2*z + C1*y**2*z, p = 4.851625656582147e-07, parse trees = 1, valid = False
-> C0*x + C1*y**2*z + C2, p = 6.486130556928003e-06, parse trees = 1, valid = False
-> C0*x*y*z**2 + C1*z + C2, p = 9.088444756131847e-07, parse trees = 1, valid = False
-> C0*x**3*y**3*z**2 + C1, p = 8.453472544028734e-09, parse trees = 1, valid = False
-> C0*x**2*z**2 + C1*y + C2, p = 2.1170730137813002e-07, parse trees = 1, valid = False
-> C0*y**2 + C1*y*z, p = 2.7025543987200012e-05, parse trees = 1, valid = False
-> C0*x**3*y + C1*x*y**2*z, p = 8.204840998616124e-09, parse trees = 1, valid = False
-> C0*x**2*y + C1*x**2*z**2 + C2, p = 1.536995008005225e-08, parse trees = 1, valid = False
-> C0*x**2*z**2 + C1*x*y, p = 4.851625656582147e-07, parse trees = 1, valid = False
-> C0*x**2*y + C1*y, p = 2.6230675046400015e-05, parse trees = 1, valid = False
-> C0*x*y*z**2 + C1*z, p = 3.7868519817216017e-06, parse trees = 1, valid = False
-> C0*x + C1*y*z**2 + C2*y, p = 2.794536378191317e-08, parse trees = 1, valid = False
-> C0*y**3 + C1*y, p = 2.6230675046400015e-05, parse trees = 1, valid = False
-> C0*x**2*z**2 + C1*x**2 + C2*y*z + C3, p = 5.016751706129053e-10, parse trees = 1, valid = False
-> C0*x**2 + C1*x + C2*y, p = 6.295362011136003e-06, parse trees = 1, valid = False
-> C0*x**2*y**2 + C1*x + C2*y*z**2 + C3*y, p = 6.427344244675929e-11, parse trees = 1, valid = False
-> C0*x**2*y**3*z + C1*y*z**2 + C2*y + C3*z + C4, p = 6.847497167012697e-14, parse trees = 1, valid = False
-> C0*x*y*z + C1*x*z, p = 3.675473982259201e-06, parse trees = 1, valid = False
-> C0*x*y**3*z**4 + C1*z, p = 1.2204050867603506e-09, parse trees = 1, valid = False
-> C0*x*y + C1*z**2, p = 2.7844499865600016e-05, parse trees = 1, valid = False
-> C0*z**2 + C1*z + C2, p = 5.2160495616000025e-05, parse trees = 1, valid = False
-> C0*x*y*z**4, p = 2.1458827896422413e-06, parse trees = 1, valid = False
-> C0*x*z + C1*x + C2*y + C3*z, p = 2.1170730137813002e-07, parse trees = 1, valid = False
-> C0*x**2*y**2 + C1, p = 2.6230675046400012e-05, parse trees = 1, valid = False
-> C0*x + C1*y*z + C2*z + C3, p = 1.6038431922585608e-06, parse trees = 1, valid = False
-> C0*x*y**3, p = 0.00010929447936000005, parse trees = 1, valid = False
-> C0*x*y*z + C1*x + C2*y**2*z + C3*z + C4, p = 2.8896489827303353e-11, parse trees = 1, valid = False
-> C0*x*z**2 + C1*z + C2, p = 6.885185421312004e-06, parse trees = 1, valid = False
-> C0*x*y**2*z**3 + C1, p = 1.1996747078094036e-07, parse trees = 1, valid = False
-> C0*x**2 + C1*x*z + C2, p = 6.4861305569280024e-06, parse trees = 1, valid = False
-> C0*x**2*y*z**2 + C1, p = 8.821137557422087e-07, parse trees = 1, valid = False
-> C0*x**2 + C1*z**2 + C2*z, p = 9.088444756131847e-07, parse trees = 1, valid = False
-> C0*x**2 + C1*x*y*z + C2, p = 2.054806160434792e-07, parse trees = 1, valid = False
-> C0*x**2*y**2*z**2 + C1, p = 4.851625656582148e-07, parse trees = 1, valid = False
-> C0*x**2*y**2*z**3, p = 2.749254538729884e-07, parse trees = 1, valid = False
-> C0*x + C1*y + C2*z + C3, p = 2.830311515750401e-06, parse trees = 1, valid = False
-> C0*x**2*y*z**3, p = 2.0827685899468813e-06, parse trees = 1, valid = False
-> C0*x*y**3*z + C1, p = 3.5673718063104015e-06, parse trees = 1, valid = False
-> C0*x**2*y**3, p = 1.4426871275520007e-05, parse trees = 1, valid = False
-> C0*x**2*y + C1*x*y**2*z, p = 6.215788635315246e-08, parse trees = 1, valid = False
-> C0*x*y**3*z**2 + C1*x*y*z, p = 1.1496722659879079e-09, parse trees = 1, valid = False
-> C0*y**2 + C1*y*z + C2, p = 3.73601120079053e-07, parse trees = 1, valid = False

Final score:
model: 2.99158564216724*z**3 - 0.385206377470682                             ; error: 100000000
model: 1.16933996874757*x                                                    ; error: 100000000
model: -4.3977452837073*z                                                    ; error: 100000000
model: -3.38690482115004*x*y**2*z                                            ; error: 100000000
model: -4.60812207745679*y*z - 2.1719303742359                               ; error: 100000000
model: -2.10593907052799*y - 3.16808637992883                                ; error: 100000000
model: 0.722519057908734*x - 2.76918367359382                                ; error: 100000000
model: -0.712312990542339*x*y                                                ; error: 100000000
model: 4.98847006567867*z - 3.50551695342006                                 ; error: 100000000
model: 0.210366062041293*y                                                   ; error: 100000000
model: 0.89909976354571*x + 2.3012202951677*z - 1.88055004520398             ; error: 100000000
model: -4.79349000534271*x**2*z + 2.58378653836141*y*z - 1.79982849177532*y - 1.16536105828102; error: 100000000
model: -2.92529924558891*y - 0.753145312484937*z                             ; error: 100000000
model: 0.864101661863267*y*z**2                                              ; error: 100000000
model: 0.11318982546456*x**3 - 2.75682971025261*y                            ; error: 100000000
model: 2.27044262711328*x*y - 2.29672094761285*y*z - 3.68517200708872        ; error: 100000000
model: -1.29147200782111*y*z - 3.0294571981436*y - 0.401441162439926         ; error: 100000000
model: -0.430885783542342*x*y*z                                              ; error: 100000000
model: -1.43293109597457*x - 4.83671497316292*y                              ; error: 100000000
model: -0.712042775017622*y**2 - 4.3192592602528*z                           ; error: 100000000
model: -1.39454439514108*x + 3.28656914555738*y + 4.24966911953192           ; error: 100000000
model: -2.62258173984361*x*y**2 + 0.0238945748926145                         ; error: 100000000
model: -2.17300349054463*x*z - 4.69764741994017                              ; error: 100000000
model: 3.8630466608656*y**2                                                  ; error: 100000000
model: -0.293510507860905*x - 1.21754825076538*z**3                          ; error: 100000000
model: -1.6252261823576*x**2                                                 ; error: 100000000
model: 0.810819296720631*x*z - 2.58442959960082*z**2 - 3.30974593870839      ; error: 100000000
model: 4.59142251977975*x*y - 3.96701844914861                               ; error: 100000000
model: -3.82474357096362*x**2*y**2 + 4.75883868418533*z + 4.3256120385734    ; error: 100000000
model: -2.91746747878516*x*z + 4.32393938960494*y                            ; error: 100000000
model: -3.37642052087333*x*y - 2.09159093343257*z - 3.20204709166458         ; error: 100000000
model: -1.02081385165062*x**2 + 2.74500954884202*y**2                        ; error: 100000000
model: 2.58984554752342*y*z                                                  ; error: 100000000
model: -3.96009162028767*x*z + 1.33981653007383*z + 2.51032299534919         ; error: 100000000
model: 1.97330250830052*x*z                                                  ; error: 100000000
model: 3.07563804159873*x**2*z**2 - 4.48992691171244                         ; error: 100000000
model: 0.983159693646871*x*y*z - 3.81083057853986*x - 0.824607990031434      ; error: 100000000
model: 4.66575106924164*z**2 + 2.74747614192499                              ; error: 100000000
model: 1.9408737508298*z**2                                                  ; error: 100000000
model: 0.802378708634601*x + 2.74879779347402*z**3 + 4.44032466428099        ; error: 100000000
model: 4.98022787758101*x + 0.339779236287958*y**5 + 4.44202717913942        ; error: 100000000
model: -4.69573484662994*x*z**2                                              ; error: 100000000
model: 2.68919436214822*x*y**2*z + 3.56567467669301*x*z                      ; error: 100000000
model: -3.455745753454*x**2*z - 1.87310156513965                             ; error: 100000000
model: -3.18732337852158*y - 0.986117533752795*z + 1.15597219109645          ; error: 100000000
model: 1.07180640130192*y**2 + 4.57488543447849*z + 2.08882899260841         ; error: 100000000
model: 4.44404121469556*y**2*z - 3.39740079863405*z + 2.29611383035353       ; error: 100000000
model: 3.75199609836318*y*z - 4.72346843494658*z                             ; error: 100000000
model: -3.19339378459366*x*y*z**2 - 1.61485507229857*x                       ; error: 100000000
model: -4.98405429395705*x**2*z                                              ; error: 100000000
model: -0.0276860302262738*x - 1.0797828269483*z**2                          ; error: 100000000
model: 2.08360267036597*x*y**2*z**2                                          ; error: 100000000
model: -1.14172030257468*x**3                                                ; error: 100000000
model: 2.14053785073886*x*z**2 + 0.165559410991961*x - 3.66924009815834*y*z + 2.73454671521913; error: 100000000
model: 0.816798431478618*y**2*z                                              ; error: 100000000
model: -2.73508722058978*y**2 - 0.188980359841883                            ; error: 100000000
model: -3.81763871264134*x**2*y*z**3 - 2.6638185498042*x - 3.58132740259741  ; error: 100000000
model: -0.372387705306587*x*y**2*z**2 - 4.94489559764474                     ; error: 100000000
model: 3.6180680743909*y*z**2 + 4.56571555858928                             ; error: 100000000
model: 4.76273396739118*x + 4.44259820102837*y**2                            ; error: 100000000
model: -3.65795052523695*x*z - 4.08863593870693*y**2                         ; error: 100000000
model: 1.3250897428825*x*y**2 + 0.146255360086313*x - 3.62275154222024*y     ; error: 100000000
model: -2.1858388578561*z**2 + 1.90653543591185*z                            ; error: 100000000
model: 3.0059749636578*x*y*z - 1.34956452543253*x                            ; error: 100000000
model: 3.33478875843376 - 1.69275034505364*y**3                              ; error: 100000000
model: 2.99183208105044*x - 3.00033414092076*z                               ; error: 100000000
model: 1.34091080896568*x*y*z + 0.777309414098256*z**4                       ; error: 100000000
model: 4.58601289146908*x*y + 0.927912915489684*y**2*z                       ; error: 100000000
model: 3.14158700037487*x**2*y**2*z**2                                       ; error: 100000000
model: -4.70564762938639*y - 3.99023720279456*z**2 - 0.793529829662812       ; error: 100000000
model: 0.711529683047126*x*y*z + 4.14694299549694*z + 2.3863871146225        ; error: 100000000
model: -2.63435788886775*x**2 - 2.86292811930862*z                           ; error: 100000000
model: 4.13150573313712*x**2 + 1.12835970228432*x - 3.94881770537193*y**2*z + 0.415846607086229; error: 100000000
model: -2.51569612446192*x*y*z**2                                            ; error: 100000000
model: -4.67326828293067*x**4*y**5*z**2 - 1.06211756627689                   ; error: 100000000
model: -1.08864287876653*x**2 - 4.47970187994958*x*z**2                      ; error: 100000000
model: 1.0293211047753*x*y**2 - 3.80484381632945*y**2*z - 0.605265068651625  ; error: 100000000
model: 4.85154683118408*x*z + 3.57354257121043*y**2 - 2.63544286841061       ; error: 100000000
model: 0.452011971650093*x*y*z - 1.83200022243041                            ; error: 100000000
model: 1.79149996167485*x*y + 1.60519105320741*x*z + 0.597646005643659*z - 2.3116843530675; error: 100000000
model: -4.4877159601776*x + 3.90605176578505*y**3 + 3.4156154535666          ; error: 100000000
model: -1.85448000747914*x**3*z**2 - 1.96643895586514*z                      ; error: 100000000
model: 0.0267524744350311*x**2*z**3                                          ; error: 100000000
model: 1.36018496217929*x*y - 4.67647073947061*y**2 - 3.89720051507111       ; error: 100000000
model: -3.80072416950404*x*y**2                                              ; error: 100000000
model: 1.68914000246973*x**2 + 2.70968303340245                              ; error: 100000000
model: -0.0660148958753271*x**3*y*z**2 + 2.77469826940076*y**2               ; error: 100000000
model: -0.456479236426801*z**3                                               ; error: 100000000
model: 3.56984556966899*x**3*y*z**2                                          ; error: 100000000
model: -4.61199385086852*x**2 + 3.67160507639451*y                           ; error: 100000000
model: -4.08386149181247*x*y**3*z**5 - 2.28218008516731*x - 1.53605564317316 ; error: 100000000
model: 2.18859178508808*x*y**2 + 1.93249354302059*x*z + 2.92670351950389*y + 1.9624825626931*z + 1.13285578601462; error: 100000000
model: 4.27150437647323*x*y**3*z - 4.01044348742082*y - 0.191704956214439    ; error: 100000000
model: -0.27544910975197*x**2 + 1.66330772895754*x - 4.8587304495967*y + 0.326941533974526; error: 100000000
model: -2.75965603007993*x**2*z - 2.88306358386857*z + 1.84273045154236      ; error: 100000000
model: -4.38159124403684*y*z + 0.0866825743465682*z + 1.81765864251638       ; error: 100000000
model: -2.38044825538758*x**2 - 2.95101224928172*y + 3.85319496360895        ; error: 100000000
model: 0.974995756611501*y**2 + 1.54296633697889*y                           ; error: 100000000
model: 0.122234455782525*x**2 - 0.2808838122573*x - 1.15284737139439         ; error: 100000000
model: 1.33074105229285*x**2*y - 0.49034418083187*z                          ; error: 100000000
model: -1.39642335752075*x*z**3 + 3.60598793633092*z                         ; error: 100000000
model: 3.02404044713751*x**3*y*z - 4.0444471936639*x                         ; error: 100000000
model: -4.48691338166886*x**2*y - 4.69617160887616                           ; error: 100000000
model: 3.6038504387508*x*z**3                                                ; error: 100000000
model: -2.7806584361989*x*y + 1.03487560621919*z                             ; error: 100000000
model: 1.91710685256638*y*z**3                                               ; error: 100000000
model: -2.83001233254256*x*z**2 + 4.12069235291425*x + 4.70104524388832      ; error: 100000000
model: -0.911319671305536*x**3*y**2*z + 1.65502793788052                     ; error: 100000000
model: 1.12688148350791*x**4*z + 2.22728754448925                            ; error: 100000000
model: -2.78591903463967*x*y**2 - 2.72326048005751*z + 1.2788282738777       ; error: 100000000
model: -1.98811863714712*x*y**2*z + 4.92594932447977                         ; error: 100000000
model: 2.12337436133676*x*z - 1.37214018646611*z                             ; error: 100000000
model: -4.59743312392466*x**3*y**2 - 1.90537141611947*x - 0.10857048825448*y + 1.92974018162314; error: 100000000
model: -0.41088993228528*x**3*y*z - 0.310904441463807*x*y*z + 3.23721557604212*y; error: 100000000
model: 0.590398575042429*y**2*z - 4.7231013351893*y*z + 2.66088252501202     ; error: 100000000
model: 0.7754873185332*y + 0.341480763426564*z**2                            ; error: 100000000
model: 4.12985975781743*x**3*y**2                                            ; error: 100000000
model: -3.34139239279535*x*y + 1.72705508870636*x + 0.312361169926768        ; error: 100000000
model: 2.87612816839095*y*z - 3.88234940751356*y                             ; error: 100000000
model: -2.68678212282692*x**3*y - 0.292762890926171*x*z + 3.21046070457197   ; error: 100000000
model: -2.70283580377151*x**2*z - 4.03696694499777*y*z                       ; error: 100000000
model: -1.43379712289814*x*y**2*z**2 - 2.54109840430027*x*y**2 + 0.28971831559372; error: 100000000
model: 3.92450250197286*x**2 + 1.29960707479625*z - 1.3047084989795          ; error: 100000000
model: 1.66498798298415*x*z**2 - 4.82561240548817                            ; error: 100000000
model: -4.21026589752621*y**2*z + 3.94397341183052                           ; error: 100000000
model: -2.99073483093961*x*y**3 + 2.10062806674739                           ; error: 100000000
model: 1.78635442534158*x + 4.53959510179494*y**3*z**2 - 3.48976692607263    ; error: 100000000
model: -0.494255035809454*x**2*z - 3.72967781957571*x**2 + 4.07300266151813*x*z - 4.94883227437538; error: 100000000
model: -3.69434650099401*x*y**2 - 0.538723845703202*x*y*z - 1.33965682085853 ; error: 100000000
model: 3.44252736070126*x*y + 3.88923250964564*x*z + 4.05058750295315        ; error: 100000000
model: 1.0433744633284*x + 0.697414392632383*y - 3.59310596797854*z**2 + 2.31104298528244; error: 100000000
model: 4.24860155475908*x**2*y**3*z                                          ; error: 100000000
model: -1.61290591286547*x*y + 4.35836014299762*x*z**2 + 0.00781716368702501*x; error: 100000000
model: 3.44281114411363*y*z**2 + 4.39456017912419*y*z                        ; error: 100000000
model: -3.66260587256591*x*y**2 + 3.02084282688745*z                         ; error: 100000000
model: 1.23459418296351*x**3*y*z**3 - 3.96081874479111*z - 0.917952294953843 ; error: 100000000
model: -1.3579302872426*x*y**2*z + 2.59776958731249*x - 4.38227837900532     ; error: 100000000
model: -2.71187153271339*x + 4.76218959209763*y*z                            ; error: 100000000
model: 3.88268961424679*x*y**3*z**2 + 4.66297093092983                       ; error: 100000000
model: -2.27929167370306*x*y*z + 0.160697779776896*x*y - 1.12350409891007    ; error: 100000000
model: 3.39410933287972*y**3 - 4.7744925330675*z**2 - 0.0474264946001945     ; error: 100000000
model: 0.616771527188963*x*z + 2.96897569279368*y*z                          ; error: 100000000
model: -0.891304840255197*x**2*y                                             ; error: 100000000
model: -4.61717380520899*x*z + 2.12884196310638*y - 3.07800149342046*z + 4.16999068145896; error: 100000000
model: -2.51247699807782*x**2*y*z                                            ; error: 100000000
model: -0.886877487841037*x**2*y*z + 0.594992742665101*y - 3.95533302550202  ; error: 100000000
model: 4.91371026060171*x*z + 4.04711173667155*x - 1.14372092582823          ; error: 100000000
model: 4.48632680184033*x**2*y*z - 1.67263916044494*y                        ; error: 100000000
model: -1.05808099537576*y**4 - 3.03185766263964*y - 2.64977640512502        ; error: 100000000
model: 1.41903810271134*x*y*z**2 + 2.43661312507187                          ; error: 100000000
model: -4.65584824255029*x**2 + 4.61342665513937*x*y*z                       ; error: 100000000
model: -4.52381832818578*x*y**2 - 3.05535886098645*x - 2.70939494456225*z - 1.12517085851378; error: 100000000
model: 1.69619938622149*x**3*z                                               ; error: 100000000
model: 2.98043220979996*x*y**2*z**2 + 2.78954587158394*y + 4.39395752813166  ; error: 100000000
model: -2.21380941093567*y**3                                                ; error: 100000000
model: -4.03560917634277*x + 2.28952819465333*y**2 - 4.7633183228812         ; error: 100000000
model: 2.31035611283811*x*y*z - 2.30835768716705*y**2 + 3.70460738941305*y - 2.06122463999911; error: 100000000
model: 3.42562922040296*x*y - 2.21345355536783*x - 1.72625748985024*y + 1.44674919765143; error: 100000000
model: -3.27698009328429*x*y**2*z + 4.47973525358547*x - 0.114408343929314*y + 0.62958496165657; error: 100000000
model: 4.78686488401711*x**2*y*z + 0.883091408515186*y**2 - 4.11502050813532 ; error: 100000000
model: 4.98683684778947*x**3*y*z**3                                          ; error: 100000000
model: 2.22946466374271*y**2*z**2                                            ; error: 100000000
model: -1.80024536301501*x*y**4*z + 2.65552175493765*x - 0.573432243710611   ; error: 100000000
model: -2.16988097311086*y**3*z                                              ; error: 100000000
model: 1.37675068528539*x*z - 3.84849780891675*x                             ; error: 100000000
model: 1.30535714104278*x**2*y*z - 2.22905653079074*x - 3.22107840617078*y**2 + 1.0509111945616*y*z - 0.436279448608136*y - 3.42929703165819; error: 100000000
model: -0.00123249388159219*x**2*y**3 - 2.42860213288494                     ; error: 100000000
model: -4.66167619592058*x*y*z + 2.10704459579943*x + 2.42003599814797*y     ; error: 100000000
model: 3.50424908245431*x**2 - 2.04325702592262*x + 1.10935283969131*z - 0.49635237901908; error: 100000000
model: 2.90425610514723*x*y - 0.26160822274925*x - 4.34695672412097*y**2 + 1.12307191562572; error: 100000000
model: -0.0932434859759368*x*z - 2.43301231876736*y**2*z - 0.225689355920232 ; error: 100000000
model: -4.76944086750442*x*y**2 + 4.7588137527395*y*z + 0.00490218278156318  ; error: 100000000
model: -1.29120651927004*x*y - 4.03251328326035*x - 0.0664751326283952*z - 2.35290004682672; error: 100000000
model: -3.81948254368254*x + 4.77575647382225*y**2 - 2.11907675010162*y      ; error: 100000000
model: 0.198172875267887*x*y + 4.07110765892751*x                            ; error: 100000000
model: 1.09763695875518*x**3 - 2.591577077383*z - 3.40577607468596           ; error: 100000000
model: -2.65764596708028*y**2*z**2 + 0.114888344165399*y + 4.40798726432117  ; error: 100000000
model: -3.67114030624116*x**2*y*z**2                                         ; error: 100000000
model: -1.25671747228868*x**2*z**2 - 3.40993091383916*x                      ; error: 100000000
model: 2.96189615932257*x*z - 3.5830345284649*y + 3.20800202218586           ; error: 100000000
model: 0.755136922795525*x*z**3 + 0.677895598760508                          ; error: 100000000
model: 4.2006796818054*x - 4.03832915501925*y*z**2 + 3.39542416833049        ; error: 100000000
model: 0.912930840501044*x*y*z - 3.734944509375*x - 4.46592086924913*y**2 - 3.05970805425658*y*z - 2.083833342874*y - 0.98613501432575*z + 1.94494074873985; error: 100000000
model: 3.86522235778032*x*y**3*z                                             ; error: 100000000
model: 1.04247036740375*x**3 - 3.3779556464443*x*y - 4.17258342833024        ; error: 100000000
model: 0.501760129969601*x*y - 2.46297299112245*y + 0.129402043371136        ; error: 100000000
model: -1.8830891396212*x**2*z**2                                            ; error: 100000000
model: -4.32587706371154*x**3*y**2*z**2 - 1.8527329021538                    ; error: 100000000
model: -1.51538072923879*x**2*y**2*z**4 - 2.3886792819408                    ; error: 100000000
model: -1.76983135746215*x**2*y*z - 2.58484723750096*x*y - 3.94163408834454*x - 1.2812454348256*y**2*z + 1.77726809794907*y - 3.84402053400682; error: 100000000
model: -4.82915809660063*y**2*z + 1.61852929065554*y + 0.932698055219782     ; error: 100000000
model: -2.37078695089502*x**4*y**2*z - 0.206869697384421                     ; error: 100000000
model: 4.62150844900966*x*y + 0.187469412273691*x - 2.09572784988233*y - 3.74173910852674*z; error: 100000000
model: -4.04337096774715*x**2*y*z + 4.77530427316604                         ; error: 100000000
model: 3.0168511236723*x**2*z + 1.45919013498597*y**3 - 2.32923642014362*z - 1.09695826689193; error: 100000000
model: 4.10017355906255*x*y**3*z**2                                          ; error: 100000000
model: 0.158902960517162*x**2*z**2 + 1.91123222027871*z                      ; error: 100000000
model: -2.32526756108393*x*z**2 - 4.24040924771133*x - 1.22831719300531*z    ; error: 100000000
model: -4.32777973389288*x**2*y - 2.65772868196501*y**3 - 0.780667575894396  ; error: 100000000
model: 0.775492403417305*x*y*z - 1.03768689599969*z**2                       ; error: 100000000
model: 2.64432019276624*x*y*z**3 - 4.85213288377381                          ; error: 100000000
model: -1.94928387456956*x**3*y + 3.82252624915641                           ; error: 100000000
model: -3.99042437046887*x*y + 4.28669172112657*x*z                          ; error: 100000000
model: -0.972542199824519*x**4*y**3                                          ; error: 100000000
model: 0.805948250300117*x*y*z - 1.55798716967609*y - 3.90880479862131*z - 2.79144847533372; error: 100000000
model: 2.24506938454232*x*y**2*z - 0.494765116569128*y + 1.96890910021637    ; error: 100000000
model: 4.1306290916022*x*y*z**2 + 0.156739030415426*y + 3.91458507158017     ; error: 100000000
model: 3.33138360093669*x**2*z**2 + 3.21500846198934*x*z - 3.08309659938726*x + 4.69698716655733*z**2; error: 100000000
model: -1.68183398315838*x**2*y + 4.79355768621287*z**2 + 4.83439722878131   ; error: 100000000
model: -4.51626862060536*x**3*y                                              ; error: 100000000
model: -3.94642537690818*x**3 - 4.10063346143079*y*z - 4.44543520434343      ; error: 100000000
model: -3.10376569755127*y**2 + 1.96330400799648*y + 3.90970509885379        ; error: 100000000
model: -1.39183339838956*x**2*y**2*z**2 + 3.96719760748889*z                 ; error: 100000000
model: 1.441713535972*x*y*z - 3.20613417884027*z                             ; error: 100000000
model: -0.805866168892504*x**2*y + 1.06693761605352*y**2 + 0.889130806247272*y; error: 100000000
model: 4.01894277650496*x**2*y*z - 1.43521502985379*x**2*z + 0.982225116045157*z; error: 100000000
model: -2.57329703170636*x**2 - 2.31998649228302*z**2 - 2.03077780457777     ; error: 100000000
model: 1.30608515933668*x*y**2 + 4.18961151043025*x*z                        ; error: 100000000
model: 4.16633921620005*x*y*z**2 + 0.328243335834888*x + 4.5938974500481     ; error: 100000000
model: 1.15405858674094*x*y + 2.55177267720067*y**2 - 0.038059393852603*y    ; error: 100000000
model: 4.30219410914737*x + 4.53373581814093*y*z + 1.32334590636945*z        ; error: 100000000
model: -0.854767225748202*x**2 - 1.19897620805881*x*y*z**4                   ; error: 100000000
model: 1.59255690018548*x**2*z + 1.74646559354122*x*y - 3.78679137262312     ; error: 100000000
model: -4.89337808501973*x**2*y**2*z + 0.747503133670767                     ; error: 100000000
model: 4.77569248966226*x*y*z + 3.15239538485323*y*z - 3.94195263568802*z - 0.852920339945928; error: 100000000
model: 1.0617324330131*x**3*z - 2.17829284590993*z**2 - 2.1503526225186      ; error: 100000000
model: -2.21193625526336*x**2*z - 1.90160648056768*y                         ; error: 100000000
model: -1.93737127381542*x + 1.77222827377169*y*z**2 + 2.22541436729117*z    ; error: 100000000
model: 2.81842755657994*x + 3.91729717634664*y**4 - 4.85260531808389         ; error: 100000000
model: 4.42920019537175*x*y*z - 3.63043101136663*x + 2.67401144356575*y**2*z**2 - 2.22323761147091; error: 100000000
model: 4.83742173696006*x*y**2 + 2.25870469412567*y*z - 4.32083683763642*z**2 - 1.33696452684821; error: 100000000
model: 0.667448797946824*x*y - 4.83088984725875*y                            ; error: 100000000
model: 0.771800947913016*x**2 + 4.89608434150247*z**2                        ; error: 100000000
model: -4.85401330077124*x**2*y**2*z                                         ; error: 100000000
model: -2.21619417137186*x**2*y*z**2 - 4.77553393911073*x + 2.0259758808926  ; error: 100000000
model: -0.614515203539608*x**2 + 4.26855469911678*y + 0.41405581007893*z + 1.77029359010678; error: 100000000
model: -0.78888870431657*x**3*y**2 - 0.617619013274536*z                     ; error: 100000000
model: 2.14511551464488*x + 0.244603988453761*y*z**3                         ; error: 100000000
model: 0.967187739200662*x**2*y**2*z + 1.71995992214742*y**3*z               ; error: 100000000
model: -3.9327772568752*x - 1.14902487543794*y*z - 3.02037308992891          ; error: 100000000
model: -0.415747820862935*x*y**2 + 3.07092409177822*x*y*z - 0.73751390798223*x; error: 100000000
model: -4.58496977808222*x**3*y**4 + 3.19200108440497                        ; error: 100000000
model: -0.206165644252233*x**3*z + 0.20344041907905                          ; error: 100000000
model: -1.34553002809879*x*z**2 + 2.89477978058493*z                         ; error: 100000000
model: -1.52590060030072*x*y*z + 2.02069094985244*y*z**3                     ; error: 100000000
model: 2.12818608739158*x**2*y - 1.84512821921802*y + 0.320313470059952      ; error: 100000000
model: -1.35783553245823*x*y*z - 4.87359125944969*y*z + 2.72488020895123     ; error: 100000000
model: 0.458262954415981*x**2 + 2.63539600411142*x*z + 4.88595411792813*z - 4.40961501424616; error: 100000000
model: 4.92571977448201*x*y**2 - 2.77355246111329*y - 3.61002803282551       ; error: 100000000
model: 3.43670028647128*x**2 - 4.07016449074172*y*z + 2.25811835171582       ; error: 100000000
model: 4.97073603831029*x**2*y*z**2 + 3.98378582306689*x**2 - 3.52798083729525*x - 2.9077260577539*y**2*z - 1.50080050983608*y - 3.45437145160763; error: 100000000
model: -2.44846147290585*x**2*y**2 + 2.71241548997063*x + 4.92192333520867   ; error: 100000000
model: 3.8856563949308*x**2*y**2*z - 4.77155957192406*x*y*z**2 - 1.57721733099873; error: 100000000
model: -3.53228754211065*x**3*y + 4.85932016426182*x**2*y*z - 3.2344747087479*x + 2.09793161996614*y + 4.77795248041245; error: 100000000
model: -3.38192227700019*y*z**2 + 4.17331170874732*y                         ; error: 100000000
model: 2.78609565592088*x**2*y**3*z**4                                       ; error: 100000000
model: -1.59424058274867*x*z**3 + 0.290992777968317*y - 4.96955243706924     ; error: 100000000
model: 3.97988328484211*x**3 - 3.01124745272376                              ; error: 100000000
model: -3.08885001681044*x**2*y**3 - 3.16629504535344*y*z                    ; error: 100000000
model: 4.19717053277946*x*y + 4.69071584059812*y*z**2 + 2.01292303534997*z - 2.44817252763539; error: 100000000
model: -2.69463481187248*x*y + 3.96498014191663*z**2 - 2.42298488805951*z - 4.19812570785861; error: 100000000
model: -3.7877606741216*x**2*z**3 - 0.511299935744757                        ; error: 100000000
model: 4.82478711216113*x - 1.09338425111084*y - 4.92986088716245*z          ; error: 100000000
model: -1.03927265681285*x**2 + 2.99711075620903*x*z                         ; error: 100000000
model: -2.46908452561893*x**2*y + 1.03149049358796*y**2 + 3.16883336757064*z - 3.30051889739491; error: 100000000
model: -0.0559608076468299*x*y + 3.83501599504786*z**3 - 4.07501541179949    ; error: 100000000
model: 3.96646929860622*x - 2.73197269416448*y**2 + 3.81866840916437*y + 2.80690090274762; error: 100000000
model: 3.15873790212933*x*y**2*z**2 + 2.81099044678601*x + 4.12559008731602  ; error: 100000000
model: 1.81287474519926*y*z**2 + 4.68113985192662*z**2 - 4.0733563069576     ; error: 100000000
model: 1.40121377723481*x**2*y**2*z**2 + 4.99258658681188*z**2               ; error: 100000000
model: -3.08831195990544*x**2*y + 4.6719121747564*x                          ; error: 100000000
model: -2.2926483604375*x**2*y**2 - 1.8433783555783*x*z + 0.0938112703957938*y + 0.376263843938499; error: 100000000
model: -4.97515383660533*x*y*z**3 - 1.67082453677612*z                       ; error: 100000000
model: 0.0667310289704026*y**2*z**2 + 4.38489445546642                       ; error: 100000000
model: -1.75813718231937*y**3*z + 3.50724426758132                           ; error: 100000000
model: 1.64924961911834*x**2*z + 0.362648900581093*x + 1.13729061376637      ; error: 100000000
model: -2.90795017955519*x*z - 1.23365857060448*y**2 - 3.5987402743576*y - 1.87545658181255; error: 100000000
model: 1.96870297642341*x*z - 2.286393238436*x - 0.747749455326464*z - 4.06215640953619; error: 100000000
model: 2.64050943084142*x*y**4*z + 4.15850389545603                          ; error: 100000000
model: -2.36853658947333*x**4*y*z**2 + 2.98022527814798*y                    ; error: 100000000
model: -3.95079919961233*x*z**4 - 2.37056778961199*z**2 + 1.5987255429686    ; error: 100000000
model: 2.598575014064*y*z + 0.272649827837599*z**3 + 4.91234990757544        ; error: 100000000
model: 4.34043985974233*x**4*z                                               ; error: 100000000
model: -1.16318025738872*y**2*z**3                                           ; error: 100000000
model: 3.69589384604956*y*z - 3.58699612758881*y + 2.27605381232598*z - 1.18569033376119; error: 100000000
model: -4.48369999808934*z**4                                                ; error: 100000000
model: -0.202324895204782*x*y**4*z**2                                        ; error: 100000000
model: -1.47292943997925*x*y - 2.75428683943912*y**2*z**3 + 0.478241564653885; error: 100000000
model: -2.78496577574001*x*y**2 + 3.04250905261475*y                         ; error: 100000000
model: 2.89841269614991*x**2*y*z**2 - 0.411082679371861*y**2*z + 1.00897823740863*y*z; error: 100000000
model: 4.67842127975539*x*y**2 - 0.226982504082435*x*y*z + 2.89005396682067*x*y; error: 100000000
model: -0.128811956030515*x - 3.87519071037452*z**2 - 3.45335929924535       ; error: 100000000
model: -2.71683436041516*x*y*z**2 + 0.213471572133446*y - 0.941784159352839*z - 1.56600735752091; error: 100000000
model: -2.43764985154606*x**2*y*z - 0.139969068535237*z - 1.40463550991045   ; error: 100000000
model: -2.43091202755355*x*y*z - 2.25954758264211*y                          ; error: 100000000
model: 2.53081629358167*x*z**2 - 0.930826780330921*x*z                       ; error: 100000000
model: 2.18270026763304*x**2 + 3.47496601556828*x*y**2*z**3 - 1.41853678926677; error: 100000000
model: 4.7680092808264*x**2*y*z**2 - 2.96650539605*z                         ; error: 100000000
model: 1.3490961308985*x + 2.94871156041876*y*z + 4.56049885999216*y + 0.701651353484662; error: 100000000
model: -4.34898190770553*x**2*z**2 + 0.570750422126304*x*z + 4.99655846722311*y - 3.70587592359301; error: 100000000
model: -0.960621328363536*y*z**3 - 4.42590883301845                          ; error: 100000000
model: -2.91859011641424*x**2*y + 2.32001670744864*x*z - 3.59995414708167    ; error: 100000000
model: 0.251949738144036*y**4*z + 2.94246238266192                           ; error: 100000000
model: 4.67809308188936*y*z**2 - 1.695260938913*z + 3.13958366024848         ; error: 100000000
model: -3.6466714024554*x**2*y**3*z + 3.35293712347684*x - 0.046044080292279 ; error: 100000000
model: -1.60259641594293*y**3*z + 4.10193339377695*y*z - 4.36922080665355*y + 1.10161069789657; error: 100000000
model: 4.4803339495135*x**2*y**2*z + 2.38543441315174*x**2 - 1.70725077021976; error: 100000000
model: 4.17759573147921*x*y*z - 0.378702589991788*y - 1.68779815944743       ; error: 100000000
model: -2.34276409343824*x**3*y**2*z**2 - 3.23684594559791*x*y + 0.323149636111125; error: 100000000
model: 2.77563123463536*x*z**2 + 0.266822664608377*x                         ; error: 100000000
model: -1.34143435518781*x**2 - 2.88537917832018*x                           ; error: 100000000
model: 3.77738555792831*y**2*z + 0.446782557681376*y                         ; error: 100000000
model: 1.71014659054327*x - 0.614562405184522*z**2 - 4.97890674184807*z + 3.34033742591247; error: 100000000
model: 3.49065102576301*x**2*y**2                                            ; error: 100000000
model: 1.78355520813343*y*z**2 + 2.77042521673435*z                          ; error: 100000000
model: -0.292411247002281*x*y*z + 3.35900237157477*z**2 + 1.15747692576419   ; error: 100000000
model: 3.6195021935518*x*y*z**3                                              ; error: 100000000
model: -2.89092294912443*x**6*z - 2.81961362585659                           ; error: 100000000
model: 0.720843377756729*x**2*z + 3.46910269155126*y**2*z                    ; error: 100000000
model: -1.13228359803494*x + 1.5243364314127*y**2*z + 4.70990794673817       ; error: 100000000
model: -3.31139740514622*x*y*z**2 - 3.10718954398773*z - 3.09337723050187    ; error: 100000000
model: 4.31452795134088*x**3*y**3*z**2 - 4.00396288846196                    ; error: 100000000
model: -2.84420347218017*x**2*z**2 - 1.0753521569729*y + 0.0644590390541266  ; error: 100000000
model: -2.02884759815099*y**2 + 0.259411694514995*y*z                        ; error: 100000000
model: -3.58662494248421*x**3*y + 4.55368953836595*x*y**2*z                  ; error: 100000000
model: 2.10525447872237*x**2*y + 3.27509596560945*x**2*z**2 - 1.18195566752869; error: 100000000
model: 0.0187314929494797*x**2*z**2 + 3.38848159984752*x*y                   ; error: 100000000
model: -4.50455035919946*x**2*y + 3.60733890789676*y                         ; error: 100000000
model: -3.175725409391*x*y*z**2 + 3.40745010013486*z                         ; error: 100000000
model: -3.38535145091715*x + 3.2128198585013*y*z**2 - 2.84735854188184*y     ; error: 100000000
model: -3.45233500560326*y**3 - 2.20910637184747*y                           ; error: 100000000
model: -3.29933183969752*x**2*z**2 - 1.05623476901599*x**2 - 4.81312227642369*y*z + 3.81408123688399; error: 100000000
model: -0.114169785639626*x**2 - 2.67654399640849*x - 2.88704628790426*y     ; error: 100000000
model: 1.49097395240687*x**2*y**2 + 4.50017703131413*x + 4.17731907151595*y*z**2 - 4.02375500718634*y; error: 100000000
model: -1.22570134234227*x**2*y**3*z - 2.37006515042241*y*z**2 + 1.89279595479809*y - 2.20005873784549*z - 2.50883443054884; error: 100000000
model: 2.71030571593841*x*y*z - 3.99647306688849*x*z                         ; error: 100000000
model: -3.16475025756926*x*y**3*z**4 - 4.72534889771333*z                    ; error: 100000000
model: 2.63890530406183*x*y + 2.64064145735066*z**2                          ; error: 100000000
model: -3.55285678582442*z**2 - 3.39499577653826*z + 3.32127963063138        ; error: 100000000
model: 2.45897482886079*x*y*z**4                                             ; error: 100000000
model: 3.19999762578303*x*z + 4.85972386194731*x + 4.92334743723962*y - 0.701470541002661*z; error: 100000000
model: 1.63682704890453*x**2*y**2 + 1.39093206918152                         ; error: 100000000
model: 2.04209390214811*x - 3.42389174406425*y*z - 1.84618597752424*z + 3.37257292178193; error: 100000000
model: 1.73595079402034*x*y**3                                               ; error: 100000000
model: -1.14326412522897*x*y*z - 3.91389889261973*x + 1.74534266160548*y**2*z - 3.2831233240057*z + 2.09872174427536; error: 100000000
model: 4.87513902819273*x*z**2 + 0.337967263759525*z - 0.00941324306553692   ; error: 100000000
model: 1.58879651617234*x*y**2*z**3 - 1.05542175698943                       ; error: 100000000
model: 3.15770239949036*x**2 - 3.13778747035386*x*z + 4.12003457656477       ; error: 100000000
model: -4.06072463009845*x**2*y*z**2 - 1.32297248791635                      ; error: 100000000
model: 0.587664288417615*x**2 + 0.957151825022097*z**2 - 0.889230740402805*z ; error: 100000000
model: 3.03099065717536*x**2 + 3.57173196600935*x*y*z - 3.4464609799224      ; error: 100000000
model: -0.437064944823802*x**2*y**2*z**2 - 1.58389162916625                  ; error: 100000000
model: 1.92639412649181*x**2*y**2*z**3                                       ; error: 100000000
model: -1.97185181703786*x + 1.06560575432223*y + 3.71930573163776*z + 4.41295943483574; error: 100000000
model: -0.649637929434189*x**2*y*z**3                                        ; error: 100000000
model: 1.38557816758427*x*y**3*z + 1.75438648093836                          ; error: 100000000
model: 1.36492073686874*x**2*y**3                                            ; error: 100000000
model: -0.318716544077176*x**2*y - 1.06130397060717*x*y**2*z                 ; error: 100000000
model: 0.702272876109138*x*y**3*z**2 + 3.84840890841733*x*y*z                ; error: 100000000
model: -4.27105724488248*y**2 - 4.89584734022391*y*z - 2.79995605877845      ; error: 100000000
[2] [1, 3]
