["'z'", "'x'", "'y'"]
Grammar with 9 productions (start state = S)
    S -> S '+' R [0.4]
    S -> R [0.6]
    R -> T [1.0]
    R -> 'C' '*' F '(' T ')' [0]
    T -> T '*' V [0.4]
    T -> 'C' [0.6]
    V -> 'z' [0.33]
    V -> 'x' [0.33]
    V -> 'y' [0.34]
4 =samples cardinality
ModelBox: 4 models
-> C0*y**3 + C1, p = 0.0002173353984000001, parse trees = 1, valid = False
-> C0*x, p = 0.04752, parse trees = 1, valid = False
-> C0*y, p = 0.048960000000000004, parse trees = 1, valid = False
-> C0*x*y*z**2, p = 0.00011260643328000003, parse trees = 1, valid = False

Final score:
model: 2.99158564216724*y**3 - 0.385206377470682                             ;p: 0.0002173353984000001error: 100000000
model: 1.16933996874757*x                                                    ;p: 0.04752error: 100000000
model: -4.3977452837073*y                                                    ;p: 0.048960000000000004error: 100000000
model: -3.38690482115004*x*y*z**2                                            ;p: 0.00011260643328000003error: 100000000
[3] [1, 2]
