["'x'", "'y'", "'z'"]
Grammar with 9 productions (start state = S)
    S -> S '+' R [0.4]
    S -> R [0.6]
    R -> T [1.0]
    R -> 'C' '*' F '(' T ')' [0]
    T -> T '*' V [0.4]
    T -> 'C' [0.6]
    V -> 'x' [0.33]
    V -> 'y' [0.33]
    V -> 'z' [0.34]
9 =samples cardinality
Estimating model C0*z**3 + C1
Estimating model C0*y
Estimating model C0*z
Estimating model C0*x**2*y*z
Excepted an error: The map-like callable must be of the form f(func, iterable), returning a sequence of numbers the same length as 'iterable'!! 
Model: C0*x**2*y*z
Estimating model C0*x*z + C1
Estimating model C0*x + C1
Estimating model C0*y + C1
Estimating model C0*x*y
Estimating model C0*z + C1
ModelBox: 9 models
-> C0*z**3 + C1, p = 0.0002173353984000001, parse trees = 1, valid = True, error = 1.3211318959746627
-> C0*y, p = 0.04752, parse trees = 1, valid = True, error = 0.001894173010116899
-> C0*z, p = 0.048960000000000004, parse trees = 1, valid = True, error = 4.248228244228097
-> C0*x**2*y*z, p = 0.00011260643328000003, parse trees = 1, valid = False
-> C0*x*z + C1, p = 8.934064128e-05, parse trees = 1, valid = True, error = 0.461315639784773
-> C0*x + C1, p = 0.00015765995520000003, parse trees = 1, valid = True, error = 0.020963880663196533
-> C0*y + C1, p = 0.011404800000000001, parse trees = 1, valid = True, error = 0.00014480483213789397
-> C0*x*y, p = 0.006272640000000001, parse trees = 1, valid = True, error = 4.873767962316759
-> C0*z + C1, p = 0.011750400000000001, parse trees = 1, valid = True, error = 0.8794492370707347

Final score:
model: 0.65070600367579*z**3 + 10.0                                          ; p: 0.0002173353984000001; error: 1.3211318959746627
model: 5.35972803899779*y                                                    ; p: 0.04752; error: 0.001894173010116899
model: 10.0*z                                                                ; p: 0.048960000000000004; error: 4.248228244228097
model: -3.38690482115004*x**2*y*z                                            ; p: 0.00011260643328000003; error: 100000000
model: 2.69471615859702*x*z + 9.70783465615868                               ; p: 8.934064128e-05; error: 0.461315639784773
model: 10.0*x + 1.65163311518339                                             ; p: 0.00015765995520000003; error: 0.020963880663196533
model: 5.23395354915743*y + 0.457959848176104                                ; p: 0.011404800000000001; error: 0.00014480483213789397
model: 2.53784912184186*x*y                                                  ; p: 0.006272640000000001; error: 4.873767962316759
model: 10.0*z + 8.56642940269113                                             ; p: 0.011750400000000001; error: 0.8794492370707347
[1] [2, 3]
