["'x'", "'y'", "'z'"]
Grammar with 9 productions (start state = S)
    S -> S '+' R [0.4]
    S -> R [0.6]
    R -> T [1.0]
    R -> 'C' '*' F '(' T ')' [0]
    T -> T '*' V [0.4]
    T -> 'C' [0.6]
    V -> 'x' [0.33]
    V -> 'y' [0.33]
    V -> 'z' [0.34]
10 =samples cardinality
Estimating model C0*z**3 + C1
Estimating model C0*y
Estimating model C0*z
Estimating model C0*x**2*y*z
Excepted an error: The map-like callable must be of the form f(func, iterable), returning a sequence of numbers the same length as 'iterable'!! 
Model: C0*x**2*y*z
Estimating model C0*x*z + C1
Estimating model C0*x + C1
Estimating model C0*y + C1
Estimating model C0*x*y
Estimating model C0*z + C1
ModelBox: 9 models
-> C0*z**3 + C1, p = 0.0002173353984000001, parse trees = 1, valid = True, error = 1.3211318959746863
-> C0*y, p = 0.04752, parse trees = 1, valid = True, error = 0.0018941729931212317
-> C0*z, p = 0.048960000000000004, parse trees = 1, valid = True, error = 4.248228244228097
-> C0*x**2*y*z, p = 0.00011260643328000003, parse trees = 1, valid = False
-> C0*x*z + C1, p = 8.934064128e-05, parse trees = 1, valid = True, error = 0.4613156397334923
-> C0*x + C1, p = 0.00015765995520000003, parse trees = 1, valid = True, error = 0.020963880669722292
-> C0*y + C1, p = 0.011404800000000001, parse trees = 1, valid = True, error = 0.0001448074630025024
-> C0*x*y, p = 0.006272640000000001, parse trees = 1, valid = True, error = 4.873767962316756
-> C0*z + C1, p = 0.011750400000000001, parse trees = 1, valid = True, error = 0.8794492370707091

Final score:
model: 0.650706078726425*z**3 + 10.0                                         ; p: 0.0002173353984000001; error: 1.3211318959746863
model: 5.35973559176583*y                                                    ; p: 0.04752; error: 0.0018941729931212317
model: 10.0*z                                                                ; p: 0.048960000000000004; error: 4.248228244228097
model: -3.38690482115004*x**2*y*z                                            ; p: 0.00011260643328000003; error: 100000000
model: 2.69469875640032*x*z + 9.70789167676176                               ; p: 8.934064128e-05; error: 0.4613156397334923
model: 10.0*x + 1.65163129631228                                             ; p: 0.00015765995520000003; error: 0.020963880669722292
model: 5.23402756323272*y + 0.45771288240502                                 ; p: 0.011404800000000001; error: 0.0001448074630025024
model: 2.53784912426939*x*y                                                  ; p: 0.006272640000000001; error: 4.873767962316756
model: 10.0*z + 8.5664264621816                                              ; p: 0.011750400000000001; error: 0.8794492370707091
[1] [2, 3]
